{"C:\\Users\\georg\\OneDrive\\Documents\\cpsc310\\project_team059\\src\\controller\\IInsightFacade.ts":{"path":"C:\\Users\\georg\\OneDrive\\Documents\\cpsc310\\project_team059\\src\\controller\\IInsightFacade.ts","statementMap":{"0":{"start":{"line":2,"column":0},"end":{"line":2,"column":62}},"1":{"start":{"line":3,"column":0},"end":{"line":3,"column":113}},"2":{"start":{"line":5,"column":0},"end":{"line":8,"column":81}},"3":{"start":{"line":6,"column":4},"end":{"line":6,"column":48}},"4":{"start":{"line":7,"column":4},"end":{"line":7,"column":42}},"5":{"start":{"line":11,"column":8},"end":{"line":11,"column":23}},"6":{"start":{"line":12,"column":8},"end":{"line":12,"column":52}},"7":{"start":{"line":15,"column":0},"end":{"line":15,"column":36}},"8":{"start":{"line":18,"column":8},"end":{"line":18,"column":23}},"9":{"start":{"line":19,"column":8},"end":{"line":19,"column":53}},"10":{"start":{"line":22,"column":0},"end":{"line":22,"column":38}},"11":{"start":{"line":25,"column":8},"end":{"line":25,"column":23}},"12":{"start":{"line":26,"column":8},"end":{"line":26,"column":59}},"13":{"start":{"line":29,"column":0},"end":{"line":29,"column":50}}},"fnMap":{"0":{"name":"(anonymous_0)","decl":{"start":{"line":5,"column":1},"end":{"line":5,"column":2}},"loc":{"start":{"line":5,"column":31},"end":{"line":8,"column":1}},"line":5},"1":{"name":"(anonymous_1)","decl":{"start":{"line":10,"column":4},"end":{"line":10,"column":5}},"loc":{"start":{"line":10,"column":25},"end":{"line":13,"column":5}},"line":10},"2":{"name":"(anonymous_2)","decl":{"start":{"line":17,"column":4},"end":{"line":17,"column":5}},"loc":{"start":{"line":17,"column":25},"end":{"line":20,"column":5}},"line":17},"3":{"name":"(anonymous_3)","decl":{"start":{"line":24,"column":4},"end":{"line":24,"column":5}},"loc":{"start":{"line":24,"column":25},"end":{"line":27,"column":5}},"line":24}},"branchMap":{"0":{"loc":{"start":{"line":8,"column":3},"end":{"line":8,"column":79}},"type":"binary-expr","locations":[{"start":{"line":8,"column":3},"end":{"line":8,"column":21}},{"start":{"line":8,"column":26},"end":{"line":8,"column":78}}],"line":8}},"s":{"0":1,"1":1,"2":1,"3":1,"4":1,"5":33,"6":33,"7":1,"8":1,"9":1,"10":1,"11":0,"12":0,"13":1},"f":{"0":1,"1":33,"2":1,"3":0},"b":{"0":[1,1]},"inputSourceMap":{"version":3,"file":"C:/Users/georg/OneDrive/Documents/cpsc310/project_team059/src/controller/IInsightFacade.ts","sources":["C:/Users/georg/OneDrive/Documents/cpsc310/project_team059/src/controller/IInsightFacade.ts"],"names":[],"mappings":";;;AAMA,IAAY,kBAGX;AAHD,WAAY,kBAAkB;IAC7B,2CAAqB,CAAA;IACrB,qCAAe,CAAA;AAChB,CAAC,EAHW,kBAAkB,kCAAlB,kBAAkB,QAG7B;AAUD,MAAa,YAAa,SAAQ,KAAK;IACtC,YAAY,OAAgB;QAC3B,KAAK,CAAC,OAAO,CAAC,CAAC;QACf,KAAK,CAAC,iBAAiB,CAAC,IAAI,EAAE,YAAY,CAAC,CAAC;IAC7C,CAAC;CACD;AALD,oCAKC;AAED,MAAa,aAAc,SAAQ,KAAK;IACvC,YAAY,OAAgB;QAC3B,KAAK,CAAC,OAAO,CAAC,CAAC;QACf,KAAK,CAAC,iBAAiB,CAAC,IAAI,EAAE,aAAa,CAAC,CAAC;IAC9C,CAAC;CACD;AALD,sCAKC;AAED,MAAa,mBAAoB,SAAQ,KAAK;IAC7C,YAAY,OAAgB;QAC3B,KAAK,CAAC,OAAO,CAAC,CAAC;QACf,KAAK,CAAC,iBAAiB,CAAC,IAAI,EAAE,mBAAmB,CAAC,CAAC;IACpD,CAAC;CACD;AALD,kDAKC","sourcesContent":["/*\n * This is the primary high-level API for the project. In this folder there should be:\n * A class called InsightFacade, this should be in a file called InsightFacade.ts.\n * You should not change this interface at all or the test suite will not work.\n */\n\nexport enum InsightDatasetKind {\n\tSections = \"sections\",\n\tRooms = \"rooms\",\n}\n\nexport interface InsightDataset {\n\tid: string;\n\tkind: InsightDatasetKind;\n\tnumRows: number;\n}\n\nexport type InsightResult = Record<string, string | number>;\n\nexport class InsightError extends Error {\n\tconstructor(message?: string) {\n\t\tsuper(message);\n\t\tError.captureStackTrace(this, InsightError);\n\t}\n}\n\nexport class NotFoundError extends Error {\n\tconstructor(message?: string) {\n\t\tsuper(message);\n\t\tError.captureStackTrace(this, NotFoundError);\n\t}\n}\n\nexport class ResultTooLargeError extends Error {\n\tconstructor(message?: string) {\n\t\tsuper(message);\n\t\tError.captureStackTrace(this, ResultTooLargeError);\n\t}\n}\n\nexport interface IInsightFacade {\n\t/**\n\t * Add a dataset to insightUBC.\n\t *\n\t * @param id  The id of the dataset being added. Follows the format /^[^_]+$/\n\t * @param content  The base64 content of the dataset. This content should be in the form of a serialized zip file.\n\t * @param kind  The kind of the dataset\n\t *\n\t * @return Promise <string[]>\n\t *\n\t * The promise should fulfill on a successful add, reject for any failures.\n\t * The promise should fulfill with a string array,\n\t * containing the ids of all currently added datasets upon a successful add.\n\t * The promise should reject with an InsightError describing the error.\n\t *\n\t * An id is invalid if it contains an underscore, or is only whitespace characters.\n\t * If id is the same as the id of an already added dataset, the dataset should be rejected and not saved.\n\t *\n\t * After receiving the dataset, it should be processed into a data structure of\n\t * your design. The processed data structure should be persisted to disk; your\n\t * system should be able to load this persisted value into memory for answering\n\t * queries.\n\t *\n\t * Ultimately, a dataset must be added or loaded from disk before queries can\n\t * be successfully answered.\n\t */\n\taddDataset(id: string, content: string, kind: InsightDatasetKind): Promise<string[]>;\n\n\t/**\n\t * Remove a dataset from insightUBC.\n\t *\n\t * @param id  The id of the dataset to remove. Follows the format /^[^_]+$/\n\t *\n\t * @return Promise <string>\n\t *\n\t * The promise should fulfill upon a successful removal, reject on any error.\n\t * Attempting to remove a dataset that hasn't been added yet counts as an error.\n\t *\n\t * An id is invalid if it contains an underscore, or is only whitespace characters.\n\t *\n\t * The promise should fulfill the id of the dataset that was removed.\n\t * The promise should reject with a NotFoundError (if a valid id was not yet added)\n\t * or an InsightError (invalid id or any other source of failure) describing the error.\n\t *\n\t * This will delete both disk and memory caches for the dataset for the id meaning\n\t * that subsequent queries for that id should fail unless a new addDataset happens first.\n\t */\n\tremoveDataset(id: string): Promise<string>;\n\n\t/**\n\t * Perform a query on insightUBC.\n\t *\n\t * @param query  The query to be performed.\n\t *\n\t * If a query is incorrectly formatted, references a dataset not added (in memory or on disk),\n\t * or references multiple datasets, it should be rejected.\n\t *\n\t * @return Promise <InsightResult[]>\n\t *\n\t * The promise should fulfill with an array of results.\n\t * The promise should reject with a ResultTooLargeError (if the query returns too many results)\n\t * or an InsightError (for any other source of failure) describing the error.\n\t */\n\tperformQuery(query: unknown): Promise<InsightResult[]>;\n\n\t/**\n\t * List all currently added datasets, their types, and number of rows.\n\t *\n\t * @return Promise <InsightDataset[]>\n\t * The promise should fulfill an array of currently added InsightDatasets, and will only fulfill.\n\t */\n\tlistDatasets(): Promise<InsightDataset[]>;\n}\n"]},"_coverageSchema":"1a1c01bbd47fc00a2c39e90264f33305004495a9","hash":"8bacbd827307619bd66da756c2be7a3eaf203663","contentHash":"303b5eba0ea344c28ab5a3138c5910cca3d7675864d715bff2a5c70fb7c9f828"},"C:\\Users\\georg\\OneDrive\\Documents\\cpsc310\\project_team059\\src\\controller\\InsightFacade.ts":{"path":"C:\\Users\\georg\\OneDrive\\Documents\\cpsc310\\project_team059\\src\\controller\\InsightFacade.ts","statementMap":{"0":{"start":{"line":2,"column":22},"end":{"line":12,"column":3}},"1":{"start":{"line":3,"column":4},"end":{"line":3,"column":33}},"2":{"start":{"line":3,"column":26},"end":{"line":3,"column":33}},"3":{"start":{"line":4,"column":15},"end":{"line":4,"column":52}},"4":{"start":{"line":5,"column":4},"end":{"line":7,"column":5}},"5":{"start":{"line":6,"column":6},"end":{"line":6,"column":68}},"6":{"start":{"line":6,"column":51},"end":{"line":6,"column":63}},"7":{"start":{"line":8,"column":4},"end":{"line":8,"column":39}},"8":{"start":{"line":10,"column":4},"end":{"line":10,"column":33}},"9":{"start":{"line":10,"column":26},"end":{"line":10,"column":33}},"10":{"start":{"line":11,"column":4},"end":{"line":11,"column":17}},"11":{"start":{"line":13,"column":25},"end":{"line":17,"column":2}},"12":{"start":{"line":14,"column":4},"end":{"line":14,"column":72}},"13":{"start":{"line":16,"column":4},"end":{"line":16,"column":21}},"14":{"start":{"line":18,"column":19},"end":{"line":34,"column":4}},"15":{"start":{"line":19,"column":18},"end":{"line":26,"column":5}},"16":{"start":{"line":20,"column":8},"end":{"line":24,"column":10}},"17":{"start":{"line":21,"column":21},"end":{"line":21,"column":23}},"18":{"start":{"line":22,"column":12},"end":{"line":22,"column":95}},"19":{"start":{"line":22,"column":29},"end":{"line":22,"column":95}},"20":{"start":{"line":22,"column":77},"end":{"line":22,"column":95}},"21":{"start":{"line":23,"column":12},"end":{"line":23,"column":22}},"22":{"start":{"line":25,"column":8},"end":{"line":25,"column":26}},"23":{"start":{"line":27,"column":4},"end":{"line":33,"column":6}},"24":{"start":{"line":28,"column":8},"end":{"line":28,"column":46}},"25":{"start":{"line":28,"column":35},"end":{"line":28,"column":46}},"26":{"start":{"line":29,"column":21},"end":{"line":29,"column":23}},"27":{"start":{"line":30,"column":8},"end":{"line":30,"column":137}},"28":{"start":{"line":30,"column":25},"end":{"line":30,"column":137}},"29":{"start":{"line":30,"column":38},"end":{"line":30,"column":50}},"30":{"start":{"line":30,"column":56},"end":{"line":30,"column":57}},"31":{"start":{"line":30,"column":78},"end":{"line":30,"column":137}},"32":{"start":{"line":30,"column":102},"end":{"line":30,"column":137}},"33":{"start":{"line":31,"column":8},"end":{"line":31,"column":40}},"34":{"start":{"line":32,"column":8},"end":{"line":32,"column":22}},"35":{"start":{"line":35,"column":22},"end":{"line":37,"column":1}},"36":{"start":{"line":36,"column":4},"end":{"line":36,"column":62}},"37":{"start":{"line":38,"column":0},"end":{"line":38,"column":62}},"38":{"start":{"line":39,"column":25},"end":{"line":39,"column":52}},"39":{"start":{"line":40,"column":16},"end":{"line":40,"column":49}},"40":{"start":{"line":41,"column":11},"end":{"line":41,"column":44}},"41":{"start":{"line":46,"column":8},"end":{"line":46,"column":34}},"42":{"start":{"line":47,"column":8},"end":{"line":47,"column":33}},"43":{"start":{"line":50,"column":8},"end":{"line":52,"column":9}},"44":{"start":{"line":51,"column":12},"end":{"line":51,"column":19}},"45":{"start":{"line":53,"column":8},"end":{"line":76,"column":9}},"46":{"start":{"line":54,"column":26},"end":{"line":54,"column":52}},"47":{"start":{"line":55,"column":30},"end":{"line":55,"column":76}},"48":{"start":{"line":55,"column":53},"end":{"line":55,"column":75}},"49":{"start":{"line":56,"column":33},"end":{"line":63,"column":14}},"50":{"start":{"line":57,"column":16},"end":{"line":62,"column":19}},"51":{"start":{"line":58,"column":20},"end":{"line":61,"column":22}},"52":{"start":{"line":64,"column":12},"end":{"line":75,"column":13}},"53":{"start":{"line":65,"column":32},"end":{"line":65,"column":63}},"54":{"start":{"line":66,"column":16},"end":{"line":72,"column":17}},"55":{"start":{"line":67,"column":20},"end":{"line":71,"column":23}},"56":{"start":{"line":79,"column":8},"end":{"line":79,"column":40}},"57":{"start":{"line":80,"column":8},"end":{"line":82,"column":9}},"58":{"start":{"line":81,"column":12},"end":{"line":81,"column":83}},"59":{"start":{"line":83,"column":8},"end":{"line":85,"column":9}},"60":{"start":{"line":84,"column":12},"end":{"line":84,"column":90}},"61":{"start":{"line":86,"column":8},"end":{"line":88,"column":9}},"62":{"start":{"line":87,"column":12},"end":{"line":87,"column":75}},"63":{"start":{"line":89,"column":20},"end":{"line":89,"column":78}},"64":{"start":{"line":91,"column":8},"end":{"line":99,"column":9}},"65":{"start":{"line":92,"column":12},"end":{"line":92,"column":49}},"66":{"start":{"line":94,"column":13},"end":{"line":99,"column":9}},"67":{"start":{"line":95,"column":12},"end":{"line":95,"column":46}},"68":{"start":{"line":98,"column":12},"end":{"line":98,"column":83}},"69":{"start":{"line":100,"column":8},"end":{"line":102,"column":9}},"70":{"start":{"line":101,"column":12},"end":{"line":101,"column":93}},"71":{"start":{"line":103,"column":8},"end":{"line":103,"column":37}},"72":{"start":{"line":104,"column":8},"end":{"line":104,"column":54}},"73":{"start":{"line":105,"column":8},"end":{"line":105,"column":76}},"74":{"start":{"line":106,"column":8},"end":{"line":106,"column":48}},"75":{"start":{"line":109,"column":8},"end":{"line":109,"column":40}},"76":{"start":{"line":110,"column":8},"end":{"line":112,"column":9}},"77":{"start":{"line":111,"column":12},"end":{"line":111,"column":83}},"78":{"start":{"line":113,"column":8},"end":{"line":115,"column":9}},"79":{"start":{"line":114,"column":12},"end":{"line":114,"column":86}},"80":{"start":{"line":116,"column":8},"end":{"line":116,"column":33}},"81":{"start":{"line":117,"column":8},"end":{"line":122,"column":9}},"82":{"start":{"line":118,"column":12},"end":{"line":118,"column":49}},"83":{"start":{"line":121,"column":12},"end":{"line":121,"column":94}},"84":{"start":{"line":123,"column":8},"end":{"line":123,"column":35}},"85":{"start":{"line":125,"column":20},"end":{"line":125,"column":24}},"86":{"start":{"line":126,"column":18},"end":{"line":126,"column":22}},"87":{"start":{"line":127,"column":17},"end":{"line":138,"column":5}},"88":{"start":{"line":140,"column":8},"end":{"line":141,"column":25}},"89":{"start":{"line":141,"column":12},"end":{"line":141,"column":25}},"90":{"start":{"line":142,"column":22},"end":{"line":142,"column":36}},"91":{"start":{"line":143,"column":8},"end":{"line":144,"column":25}},"92":{"start":{"line":144,"column":12},"end":{"line":144,"column":25}},"93":{"start":{"line":145,"column":19},"end":{"line":145,"column":27}},"94":{"start":{"line":146,"column":22},"end":{"line":146,"column":30}},"95":{"start":{"line":147,"column":8},"end":{"line":152,"column":9}},"96":{"start":{"line":148,"column":12},"end":{"line":148,"column":37}},"97":{"start":{"line":150,"column":13},"end":{"line":152,"column":9}},"98":{"start":{"line":151,"column":12},"end":{"line":151,"column":25}},"99":{"start":{"line":153,"column":8},"end":{"line":154,"column":25}},"100":{"start":{"line":154,"column":12},"end":{"line":154,"column":25}},"101":{"start":{"line":155,"column":24},"end":{"line":155,"column":64}},"102":{"start":{"line":156,"column":24},"end":{"line":156,"column":69}},"103":{"start":{"line":157,"column":8},"end":{"line":158,"column":43}},"104":{"start":{"line":158,"column":12},"end":{"line":158,"column":43}},"105":{"start":{"line":159,"column":8},"end":{"line":160,"column":43}},"106":{"start":{"line":160,"column":12},"end":{"line":160,"column":43}},"107":{"start":{"line":161,"column":8},"end":{"line":161,"column":66}},"108":{"start":{"line":164,"column":8},"end":{"line":166,"column":9}},"109":{"start":{"line":165,"column":12},"end":{"line":165,"column":25}},"110":{"start":{"line":167,"column":8},"end":{"line":169,"column":9}},"111":{"start":{"line":168,"column":12},"end":{"line":168,"column":25}},"112":{"start":{"line":170,"column":8},"end":{"line":174,"column":9}},"113":{"start":{"line":171,"column":12},"end":{"line":173,"column":13}},"114":{"start":{"line":172,"column":16},"end":{"line":172,"column":29}},"115":{"start":{"line":175,"column":8},"end":{"line":175,"column":20}},"116":{"start":{"line":178,"column":8},"end":{"line":180,"column":9}},"117":{"start":{"line":179,"column":12},"end":{"line":179,"column":25}},"118":{"start":{"line":181,"column":21},"end":{"line":181,"column":39}},"119":{"start":{"line":182,"column":8},"end":{"line":184,"column":9}},"120":{"start":{"line":183,"column":12},"end":{"line":183,"column":25}},"121":{"start":{"line":185,"column":21},"end":{"line":185,"column":28}},"122":{"start":{"line":186,"column":20},"end":{"line":186,"column":31}},"123":{"start":{"line":187,"column":8},"end":{"line":189,"column":9}},"124":{"start":{"line":188,"column":12},"end":{"line":188,"column":25}},"125":{"start":{"line":190,"column":8},"end":{"line":190,"column":48}},"126":{"start":{"line":193,"column":8},"end":{"line":194,"column":25}},"127":{"start":{"line":194,"column":12},"end":{"line":194,"column":25}},"128":{"start":{"line":195,"column":21},"end":{"line":195,"column":39}},"129":{"start":{"line":196,"column":8},"end":{"line":197,"column":25}},"130":{"start":{"line":197,"column":12},"end":{"line":197,"column":25}},"131":{"start":{"line":198,"column":21},"end":{"line":198,"column":28}},"132":{"start":{"line":199,"column":20},"end":{"line":199,"column":31}},"133":{"start":{"line":200,"column":8},"end":{"line":201,"column":25}},"134":{"start":{"line":201,"column":12},"end":{"line":201,"column":25}},"135":{"start":{"line":202,"column":8},"end":{"line":202,"column":48}},"136":{"start":{"line":205,"column":8},"end":{"line":207,"column":9}},"137":{"start":{"line":206,"column":12},"end":{"line":206,"column":25}},"138":{"start":{"line":208,"column":21},"end":{"line":208,"column":40}},"139":{"start":{"line":209,"column":8},"end":{"line":211,"column":9}},"140":{"start":{"line":210,"column":12},"end":{"line":210,"column":25}},"141":{"start":{"line":212,"column":8},"end":{"line":212,"column":42}},"142":{"start":{"line":215,"column":20},"end":{"line":215,"column":42}},"143":{"start":{"line":216,"column":24},"end":{"line":216,"column":35}},"144":{"start":{"line":217,"column":8},"end":{"line":234,"column":9}},"145":{"start":{"line":219,"column":16},"end":{"line":219,"column":93}},"146":{"start":{"line":219,"column":52},"end":{"line":219,"column":91}},"147":{"start":{"line":221,"column":16},"end":{"line":221,"column":92}},"148":{"start":{"line":221,"column":51},"end":{"line":221,"column":90}},"149":{"start":{"line":223,"column":16},"end":{"line":223,"column":62}},"150":{"start":{"line":225,"column":16},"end":{"line":225,"column":75}},"151":{"start":{"line":225,"column":68},"end":{"line":225,"column":73}},"152":{"start":{"line":227,"column":16},"end":{"line":227,"column":75}},"153":{"start":{"line":227,"column":68},"end":{"line":227,"column":73}},"154":{"start":{"line":229,"column":16},"end":{"line":229,"column":77}},"155":{"start":{"line":229,"column":68},"end":{"line":229,"column":75}},"156":{"start":{"line":231,"column":16},"end":{"line":231,"column":58}},"157":{"start":{"line":233,"column":16},"end":{"line":233,"column":28}},"158":{"start":{"line":237,"column":25},"end":{"line":237,"column":51}},"159":{"start":{"line":238,"column":28},"end":{"line":238,"column":48}},"160":{"start":{"line":239,"column":22},"end":{"line":239,"column":44}},"161":{"start":{"line":240,"column":27},"end":{"line":240,"column":58}},"162":{"start":{"line":241,"column":8},"end":{"line":243,"column":9}},"163":{"start":{"line":242,"column":12},"end":{"line":242,"column":107}},"164":{"start":{"line":244,"column":8},"end":{"line":244,"column":45}},"165":{"start":{"line":247,"column":25},"end":{"line":247,"column":51}},"166":{"start":{"line":248,"column":22},"end":{"line":248,"column":44}},"167":{"start":{"line":249,"column":28},"end":{"line":249,"column":48}},"168":{"start":{"line":250,"column":29},"end":{"line":250,"column":68}},"169":{"start":{"line":251,"column":24},"end":{"line":251,"column":72}},"170":{"start":{"line":252,"column":8},"end":{"line":252,"column":63}},"171":{"start":{"line":253,"column":22},"end":{"line":253,"column":43}},"172":{"start":{"line":254,"column":8},"end":{"line":254,"column":40}},"173":{"start":{"line":257,"column":23},"end":{"line":257,"column":25}},"174":{"start":{"line":258,"column":8},"end":{"line":269,"column":9}},"175":{"start":{"line":259,"column":26},"end":{"line":259,"column":49}},"176":{"start":{"line":260,"column":28},"end":{"line":260,"column":50}},"177":{"start":{"line":261,"column":24},"end":{"line":261,"column":40}},"178":{"start":{"line":262,"column":12},"end":{"line":264,"column":13}},"179":{"start":{"line":263,"column":16},"end":{"line":263,"column":97}},"180":{"start":{"line":265,"column":12},"end":{"line":267,"column":13}},"181":{"start":{"line":266,"column":16},"end":{"line":266,"column":38}},"182":{"start":{"line":268,"column":12},"end":{"line":268,"column":38}},"183":{"start":{"line":270,"column":8},"end":{"line":270,"column":22}},"184":{"start":{"line":273,"column":21},"end":{"line":273,"column":39}},"185":{"start":{"line":274,"column":8},"end":{"line":276,"column":9}},"186":{"start":{"line":275,"column":12},"end":{"line":275,"column":25}},"187":{"start":{"line":277,"column":8},"end":{"line":281,"column":9}},"188":{"start":{"line":278,"column":12},"end":{"line":280,"column":13}},"189":{"start":{"line":279,"column":16},"end":{"line":279,"column":29}},"190":{"start":{"line":282,"column":8},"end":{"line":284,"column":9}},"191":{"start":{"line":283,"column":12},"end":{"line":283,"column":25}},"192":{"start":{"line":285,"column":8},"end":{"line":285,"column":20}},"193":{"start":{"line":288,"column":8},"end":{"line":290,"column":9}},"194":{"start":{"line":289,"column":12},"end":{"line":289,"column":25}},"195":{"start":{"line":291,"column":21},"end":{"line":291,"column":40}},"196":{"start":{"line":292,"column":8},"end":{"line":294,"column":9}},"197":{"start":{"line":293,"column":12},"end":{"line":293,"column":25}},"198":{"start":{"line":295,"column":20},"end":{"line":295,"column":27}},"199":{"start":{"line":296,"column":8},"end":{"line":307,"column":9}},"200":{"start":{"line":297,"column":12},"end":{"line":297,"column":60}},"201":{"start":{"line":299,"column":13},"end":{"line":307,"column":9}},"202":{"start":{"line":300,"column":12},"end":{"line":300,"column":56}},"203":{"start":{"line":302,"column":13},"end":{"line":307,"column":9}},"204":{"start":{"line":303,"column":12},"end":{"line":303,"column":56}},"205":{"start":{"line":305,"column":13},"end":{"line":307,"column":9}},"206":{"start":{"line":306,"column":12},"end":{"line":306,"column":53}},"207":{"start":{"line":308,"column":8},"end":{"line":308,"column":21}},"208":{"start":{"line":311,"column":8},"end":{"line":313,"column":9}},"209":{"start":{"line":312,"column":12},"end":{"line":312,"column":25}},"210":{"start":{"line":314,"column":8},"end":{"line":316,"column":9}},"211":{"start":{"line":315,"column":12},"end":{"line":315,"column":25}},"212":{"start":{"line":317,"column":8},"end":{"line":321,"column":9}},"213":{"start":{"line":318,"column":12},"end":{"line":320,"column":13}},"214":{"start":{"line":319,"column":16},"end":{"line":319,"column":29}},"215":{"start":{"line":322,"column":8},"end":{"line":327,"column":9}},"216":{"start":{"line":323,"column":29},"end":{"line":323,"column":42}},"217":{"start":{"line":324,"column":12},"end":{"line":326,"column":13}},"218":{"start":{"line":325,"column":16},"end":{"line":325,"column":29}},"219":{"start":{"line":328,"column":33},"end":{"line":328,"column":53}},"220":{"start":{"line":329,"column":8},"end":{"line":331,"column":9}},"221":{"start":{"line":329,"column":45},"end":{"line":329,"column":74}},"222":{"start":{"line":330,"column":12},"end":{"line":330,"column":25}},"223":{"start":{"line":332,"column":8},"end":{"line":332,"column":20}},"224":{"start":{"line":335,"column":8},"end":{"line":335,"column":33}},"225":{"start":{"line":336,"column":8},"end":{"line":336,"column":40}},"226":{"start":{"line":337,"column":8},"end":{"line":339,"column":9}},"227":{"start":{"line":338,"column":12},"end":{"line":338,"column":104}},"228":{"start":{"line":340,"column":8},"end":{"line":342,"column":9}},"229":{"start":{"line":341,"column":12},"end":{"line":341,"column":86}},"230":{"start":{"line":343,"column":25},"end":{"line":343,"column":30}},"231":{"start":{"line":344,"column":21},"end":{"line":344,"column":72}},"232":{"start":{"line":345,"column":32},"end":{"line":350,"column":10}},"233":{"start":{"line":346,"column":12},"end":{"line":348,"column":13}},"234":{"start":{"line":347,"column":16},"end":{"line":347,"column":28}},"235":{"start":{"line":349,"column":12},"end":{"line":349,"column":64}},"236":{"start":{"line":351,"column":8},"end":{"line":353,"column":9}},"237":{"start":{"line":352,"column":12},"end":{"line":352,"column":88}},"238":{"start":{"line":354,"column":24},"end":{"line":356,"column":10}},"239":{"start":{"line":355,"column":12},"end":{"line":355,"column":77}},"240":{"start":{"line":357,"column":8},"end":{"line":366,"column":9}},"241":{"start":{"line":358,"column":29},"end":{"line":358,"column":51}},"242":{"start":{"line":359,"column":12},"end":{"line":365,"column":15}},"243":{"start":{"line":360,"column":16},"end":{"line":361,"column":29}},"244":{"start":{"line":361,"column":20},"end":{"line":361,"column":29}},"245":{"start":{"line":362,"column":16},"end":{"line":363,"column":30}},"246":{"start":{"line":363,"column":20},"end":{"line":363,"column":30}},"247":{"start":{"line":364,"column":16},"end":{"line":364,"column":25}},"248":{"start":{"line":367,"column":8},"end":{"line":367,"column":23}},"249":{"start":{"line":370,"column":8},"end":{"line":376,"column":9}},"250":{"start":{"line":371,"column":25},"end":{"line":371,"column":44}},"251":{"start":{"line":372,"column":12},"end":{"line":372,"column":43}},"252":{"start":{"line":375,"column":12},"end":{"line":375,"column":94}},"253":{"start":{"line":379,"column":8},"end":{"line":379,"column":40}},"254":{"start":{"line":380,"column":8},"end":{"line":380,"column":50}},"255":{"start":{"line":383,"column":28},"end":{"line":383,"column":116}},"256":{"start":{"line":383,"column":70},"end":{"line":383,"column":115}},"257":{"start":{"line":384,"column":8},"end":{"line":386,"column":9}},"258":{"start":{"line":385,"column":12},"end":{"line":385,"column":95}},"259":{"start":{"line":387,"column":25},"end":{"line":387,"column":27}},"260":{"start":{"line":388,"column":8},"end":{"line":408,"column":12}},"261":{"start":{"line":390,"column":12},"end":{"line":396,"column":13}},"262":{"start":{"line":391,"column":29},"end":{"line":391,"column":53}},"263":{"start":{"line":392,"column":16},"end":{"line":392,"column":42}},"264":{"start":{"line":395,"column":16},"end":{"line":395,"column":23}},"265":{"start":{"line":397,"column":12},"end":{"line":398,"column":23}},"266":{"start":{"line":398,"column":16},"end":{"line":398,"column":23}},"267":{"start":{"line":399,"column":28},"end":{"line":399,"column":41}},"268":{"start":{"line":400,"column":12},"end":{"line":401,"column":23}},"269":{"start":{"line":401,"column":16},"end":{"line":401,"column":23}},"270":{"start":{"line":402,"column":12},"end":{"line":407,"column":13}},"271":{"start":{"line":403,"column":32},"end":{"line":403,"column":49}},"272":{"start":{"line":404,"column":16},"end":{"line":406,"column":17}},"273":{"start":{"line":405,"column":20},"end":{"line":405,"column":43}},"274":{"start":{"line":409,"column":8},"end":{"line":409,"column":24}},"275":{"start":{"line":412,"column":22},"end":{"line":412,"column":24}},"276":{"start":{"line":413,"column":26},"end":{"line":413,"column":47}},"277":{"start":{"line":414,"column":8},"end":{"line":416,"column":9}},"278":{"start":{"line":415,"column":12},"end":{"line":415,"column":97}},"279":{"start":{"line":417,"column":26},"end":{"line":417,"column":55}},"280":{"start":{"line":418,"column":26},"end":{"line":418,"column":51}},"281":{"start":{"line":419,"column":8},"end":{"line":420,"column":25}},"282":{"start":{"line":420,"column":12},"end":{"line":420,"column":25}},"283":{"start":{"line":421,"column":8},"end":{"line":427,"column":12}},"284":{"start":{"line":422,"column":29},"end":{"line":422,"column":60}},"285":{"start":{"line":423,"column":33},"end":{"line":423,"column":51}},"286":{"start":{"line":424,"column":12},"end":{"line":425,"column":23}},"287":{"start":{"line":425,"column":16},"end":{"line":425,"column":23}},"288":{"start":{"line":426,"column":33},"end":{"line":426,"column":65}},"289":{"start":{"line":428,"column":8},"end":{"line":428,"column":21}},"290":{"start":{"line":431,"column":0},"end":{"line":431,"column":32}},"291":{"start":{"line":434,"column":4},"end":{"line":439,"column":5}},"292":{"start":{"line":435,"column":8},"end":{"line":435,"column":20}},"293":{"start":{"line":438,"column":8},"end":{"line":438,"column":32}},"294":{"start":{"line":440,"column":30},"end":{"line":449,"column":31}},"295":{"start":{"line":450,"column":4},"end":{"line":451,"column":20}},"296":{"start":{"line":451,"column":8},"end":{"line":451,"column":20}},"297":{"start":{"line":452,"column":4},"end":{"line":463,"column":6}},"298":{"start":{"line":466,"column":22},"end":{"line":466,"column":24}},"299":{"start":{"line":467,"column":4},"end":{"line":467,"column":21}}},"fnMap":{"0":{"name":"(anonymous_0)","decl":{"start":{"line":2,"column":74},"end":{"line":2,"column":75}},"loc":{"start":{"line":2,"column":96},"end":{"line":9,"column":1}},"line":2},"1":{"name":"(anonymous_1)","decl":{"start":{"line":6,"column":38},"end":{"line":6,"column":39}},"loc":{"start":{"line":6,"column":49},"end":{"line":6,"column":65}},"line":6},"2":{"name":"(anonymous_2)","decl":{"start":{"line":9,"column":6},"end":{"line":9,"column":7}},"loc":{"start":{"line":9,"column":28},"end":{"line":12,"column":1}},"line":9},"3":{"name":"(anonymous_3)","decl":{"start":{"line":13,"column":80},"end":{"line":13,"column":81}},"loc":{"start":{"line":13,"column":95},"end":{"line":15,"column":1}},"line":13},"4":{"name":"(anonymous_4)","decl":{"start":{"line":15,"column":5},"end":{"line":15,"column":6}},"loc":{"start":{"line":15,"column":20},"end":{"line":17,"column":1}},"line":15},"5":{"name":"(anonymous_5)","decl":{"start":{"line":18,"column":51},"end":{"line":18,"column":52}},"loc":{"start":{"line":18,"column":63},"end":{"line":34,"column":1}},"line":18},"6":{"name":"(anonymous_6)","decl":{"start":{"line":19,"column":18},"end":{"line":19,"column":19}},"loc":{"start":{"line":19,"column":30},"end":{"line":26,"column":5}},"line":19},"7":{"name":"(anonymous_7)","decl":{"start":{"line":20,"column":48},"end":{"line":20,"column":49}},"loc":{"start":{"line":20,"column":61},"end":{"line":24,"column":9}},"line":20},"8":{"name":"(anonymous_8)","decl":{"start":{"line":27,"column":11},"end":{"line":27,"column":12}},"loc":{"start":{"line":27,"column":26},"end":{"line":33,"column":5}},"line":27},"9":{"name":"(anonymous_9)","decl":{"start":{"line":35,"column":56},"end":{"line":35,"column":57}},"loc":{"start":{"line":35,"column":71},"end":{"line":37,"column":1}},"line":35},"10":{"name":"(anonymous_10)","decl":{"start":{"line":45,"column":4},"end":{"line":45,"column":5}},"loc":{"start":{"line":45,"column":18},"end":{"line":48,"column":5}},"line":45},"11":{"name":"(anonymous_11)","decl":{"start":{"line":49,"column":4},"end":{"line":49,"column":5}},"loc":{"start":{"line":49,"column":31},"end":{"line":77,"column":5}},"line":49},"12":{"name":"(anonymous_12)","decl":{"start":{"line":55,"column":43},"end":{"line":55,"column":44}},"loc":{"start":{"line":55,"column":53},"end":{"line":55,"column":75}},"line":55},"13":{"name":"(anonymous_13)","decl":{"start":{"line":56,"column":47},"end":{"line":56,"column":48}},"loc":{"start":{"line":56,"column":67},"end":{"line":63,"column":13}},"line":56},"14":{"name":"(anonymous_14)","decl":{"start":{"line":57,"column":62},"end":{"line":57,"column":63}},"loc":{"start":{"line":57,"column":72},"end":{"line":62,"column":17}},"line":57},"15":{"name":"(anonymous_15)","decl":{"start":{"line":78,"column":4},"end":{"line":78,"column":5}},"loc":{"start":{"line":78,"column":40},"end":{"line":107,"column":5}},"line":78},"16":{"name":"(anonymous_16)","decl":{"start":{"line":108,"column":4},"end":{"line":108,"column":5}},"loc":{"start":{"line":108,"column":28},"end":{"line":124,"column":5}},"line":108},"17":{"name":"(anonymous_17)","decl":{"start":{"line":139,"column":4},"end":{"line":139,"column":5}},"loc":{"start":{"line":139,"column":27},"end":{"line":162,"column":5}},"line":139},"18":{"name":"(anonymous_18)","decl":{"start":{"line":163,"column":4},"end":{"line":163,"column":5}},"loc":{"start":{"line":163,"column":39},"end":{"line":176,"column":5}},"line":163},"19":{"name":"(anonymous_19)","decl":{"start":{"line":177,"column":4},"end":{"line":177,"column":5}},"loc":{"start":{"line":177,"column":30},"end":{"line":191,"column":5}},"line":177},"20":{"name":"(anonymous_20)","decl":{"start":{"line":192,"column":4},"end":{"line":192,"column":5}},"loc":{"start":{"line":192,"column":30},"end":{"line":203,"column":5}},"line":192},"21":{"name":"(anonymous_21)","decl":{"start":{"line":204,"column":4},"end":{"line":204,"column":5}},"loc":{"start":{"line":204,"column":28},"end":{"line":213,"column":5}},"line":204},"22":{"name":"(anonymous_22)","decl":{"start":{"line":214,"column":4},"end":{"line":214,"column":5}},"loc":{"start":{"line":214,"column":36},"end":{"line":235,"column":5}},"line":214},"23":{"name":"(anonymous_23)","decl":{"start":{"line":219,"column":37},"end":{"line":219,"column":38}},"loc":{"start":{"line":219,"column":52},"end":{"line":219,"column":91}},"line":219},"24":{"name":"(anonymous_24)","decl":{"start":{"line":221,"column":36},"end":{"line":221,"column":37}},"loc":{"start":{"line":221,"column":51},"end":{"line":221,"column":90}},"line":221},"25":{"name":"(anonymous_25)","decl":{"start":{"line":225,"column":58},"end":{"line":225,"column":59}},"loc":{"start":{"line":225,"column":68},"end":{"line":225,"column":73}},"line":225},"26":{"name":"(anonymous_26)","decl":{"start":{"line":227,"column":58},"end":{"line":227,"column":59}},"loc":{"start":{"line":227,"column":68},"end":{"line":227,"column":73}},"line":227},"27":{"name":"(anonymous_27)","decl":{"start":{"line":229,"column":58},"end":{"line":229,"column":59}},"loc":{"start":{"line":229,"column":68},"end":{"line":229,"column":75}},"line":229},"28":{"name":"(anonymous_28)","decl":{"start":{"line":236,"column":4},"end":{"line":236,"column":5}},"loc":{"start":{"line":236,"column":41},"end":{"line":245,"column":5}},"line":236},"29":{"name":"(anonymous_29)","decl":{"start":{"line":246,"column":4},"end":{"line":246,"column":5}},"loc":{"start":{"line":246,"column":37},"end":{"line":255,"column":5}},"line":246},"30":{"name":"(anonymous_30)","decl":{"start":{"line":256,"column":4},"end":{"line":256,"column":5}},"loc":{"start":{"line":256,"column":40},"end":{"line":271,"column":5}},"line":256},"31":{"name":"(anonymous_31)","decl":{"start":{"line":272,"column":4},"end":{"line":272,"column":5}},"loc":{"start":{"line":272,"column":24},"end":{"line":286,"column":5}},"line":272},"32":{"name":"(anonymous_32)","decl":{"start":{"line":287,"column":4},"end":{"line":287,"column":5}},"loc":{"start":{"line":287,"column":26},"end":{"line":309,"column":5}},"line":287},"33":{"name":"(anonymous_33)","decl":{"start":{"line":310,"column":4},"end":{"line":310,"column":5}},"loc":{"start":{"line":310,"column":28},"end":{"line":333,"column":5}},"line":310},"34":{"name":"(anonymous_34)","decl":{"start":{"line":329,"column":38},"end":{"line":329,"column":39}},"loc":{"start":{"line":329,"column":45},"end":{"line":329,"column":74}},"line":329},"35":{"name":"(anonymous_35)","decl":{"start":{"line":334,"column":4},"end":{"line":334,"column":5}},"loc":{"start":{"line":334,"column":30},"end":{"line":368,"column":5}},"line":334},"36":{"name":"(anonymous_36)","decl":{"start":{"line":345,"column":44},"end":{"line":345,"column":45}},"loc":{"start":{"line":345,"column":57},"end":{"line":350,"column":9}},"line":345},"37":{"name":"(anonymous_37)","decl":{"start":{"line":354,"column":44},"end":{"line":354,"column":45}},"loc":{"start":{"line":354,"column":57},"end":{"line":356,"column":9}},"line":354},"38":{"name":"(anonymous_38)","decl":{"start":{"line":359,"column":25},"end":{"line":359,"column":26}},"loc":{"start":{"line":359,"column":35},"end":{"line":365,"column":13}},"line":359},"39":{"name":"(anonymous_39)","decl":{"start":{"line":369,"column":4},"end":{"line":369,"column":5}},"loc":{"start":{"line":369,"column":34},"end":{"line":377,"column":5}},"line":369},"40":{"name":"(anonymous_40)","decl":{"start":{"line":378,"column":4},"end":{"line":378,"column":5}},"loc":{"start":{"line":378,"column":25},"end":{"line":381,"column":5}},"line":378},"41":{"name":"(anonymous_41)","decl":{"start":{"line":382,"column":4},"end":{"line":382,"column":5}},"loc":{"start":{"line":382,"column":29},"end":{"line":410,"column":5}},"line":382},"42":{"name":"(anonymous_42)","decl":{"start":{"line":383,"column":60},"end":{"line":383,"column":61}},"loc":{"start":{"line":383,"column":70},"end":{"line":383,"column":115}},"line":383},"43":{"name":"(anonymous_43)","decl":{"start":{"line":388,"column":42},"end":{"line":388,"column":43}},"loc":{"start":{"line":388,"column":58},"end":{"line":408,"column":9}},"line":388},"44":{"name":"(anonymous_44)","decl":{"start":{"line":411,"column":4},"end":{"line":411,"column":5}},"loc":{"start":{"line":411,"column":26},"end":{"line":429,"column":5}},"line":411},"45":{"name":"(anonymous_45)","decl":{"start":{"line":421,"column":40},"end":{"line":421,"column":41}},"loc":{"start":{"line":421,"column":60},"end":{"line":427,"column":9}},"line":421},"46":{"name":"parseSection","decl":{"start":{"line":432,"column":9},"end":{"line":432,"column":21}},"loc":{"start":{"line":432,"column":27},"end":{"line":464,"column":1}},"line":432},"47":{"name":"parseBuildings","decl":{"start":{"line":465,"column":9},"end":{"line":465,"column":23}},"loc":{"start":{"line":465,"column":30},"end":{"line":468,"column":1}},"line":465}},"branchMap":{"0":{"loc":{"start":{"line":2,"column":22},"end":{"line":12,"column":3}},"type":"binary-expr","locations":[{"start":{"line":2,"column":23},"end":{"line":2,"column":27}},{"start":{"line":2,"column":31},"end":{"line":2,"column":51}},{"start":{"line":2,"column":57},"end":{"line":12,"column":2}}],"line":2},"1":{"loc":{"start":{"line":2,"column":57},"end":{"line":12,"column":2}},"type":"cond-expr","locations":[{"start":{"line":2,"column":74},"end":{"line":9,"column":1}},{"start":{"line":9,"column":6},"end":{"line":12,"column":1}}],"line":2},"2":{"loc":{"start":{"line":3,"column":4},"end":{"line":3,"column":33}},"type":"if","locations":[{"start":{"line":3,"column":4},"end":{"line":3,"column":33}},{"start":{},"end":{}}],"line":3},"3":{"loc":{"start":{"line":5,"column":4},"end":{"line":7,"column":5}},"type":"if","locations":[{"start":{"line":5,"column":4},"end":{"line":7,"column":5}},{"start":{},"end":{}}],"line":5},"4":{"loc":{"start":{"line":5,"column":8},"end":{"line":5,"column":85}},"type":"binary-expr","locations":[{"start":{"line":5,"column":8},"end":{"line":5,"column":13}},{"start":{"line":5,"column":18},"end":{"line":5,"column":84}}],"line":5},"5":{"loc":{"start":{"line":5,"column":18},"end":{"line":5,"column":84}},"type":"cond-expr","locations":[{"start":{"line":5,"column":34},"end":{"line":5,"column":47}},{"start":{"line":5,"column":50},"end":{"line":5,"column":84}}],"line":5},"6":{"loc":{"start":{"line":5,"column":50},"end":{"line":5,"column":84}},"type":"binary-expr","locations":[{"start":{"line":5,"column":50},"end":{"line":5,"column":63}},{"start":{"line":5,"column":67},"end":{"line":5,"column":84}}],"line":5},"7":{"loc":{"start":{"line":10,"column":4},"end":{"line":10,"column":33}},"type":"if","locations":[{"start":{"line":10,"column":4},"end":{"line":10,"column":33}},{"start":{},"end":{}}],"line":10},"8":{"loc":{"start":{"line":13,"column":25},"end":{"line":17,"column":2}},"type":"binary-expr","locations":[{"start":{"line":13,"column":26},"end":{"line":13,"column":30}},{"start":{"line":13,"column":34},"end":{"line":13,"column":57}},{"start":{"line":13,"column":63},"end":{"line":17,"column":1}}],"line":13},"9":{"loc":{"start":{"line":13,"column":63},"end":{"line":17,"column":1}},"type":"cond-expr","locations":[{"start":{"line":13,"column":80},"end":{"line":15,"column":1}},{"start":{"line":15,"column":5},"end":{"line":17,"column":1}}],"line":13},"10":{"loc":{"start":{"line":18,"column":19},"end":{"line":34,"column":4}},"type":"binary-expr","locations":[{"start":{"line":18,"column":20},"end":{"line":18,"column":24}},{"start":{"line":18,"column":28},"end":{"line":18,"column":45}},{"start":{"line":18,"column":50},"end":{"line":34,"column":4}}],"line":18},"11":{"loc":{"start":{"line":20,"column":18},"end":{"line":24,"column":9}},"type":"binary-expr","locations":[{"start":{"line":20,"column":18},"end":{"line":20,"column":44}},{"start":{"line":20,"column":48},"end":{"line":24,"column":9}}],"line":20},"12":{"loc":{"start":{"line":22,"column":29},"end":{"line":22,"column":95}},"type":"if","locations":[{"start":{"line":22,"column":29},"end":{"line":22,"column":95}},{"start":{},"end":{}}],"line":22},"13":{"loc":{"start":{"line":28,"column":8},"end":{"line":28,"column":46}},"type":"if","locations":[{"start":{"line":28,"column":8},"end":{"line":28,"column":46}},{"start":{},"end":{}}],"line":28},"14":{"loc":{"start":{"line":28,"column":12},"end":{"line":28,"column":33}},"type":"binary-expr","locations":[{"start":{"line":28,"column":12},"end":{"line":28,"column":15}},{"start":{"line":28,"column":19},"end":{"line":28,"column":33}}],"line":28},"15":{"loc":{"start":{"line":30,"column":8},"end":{"line":30,"column":137}},"type":"if","locations":[{"start":{"line":30,"column":8},"end":{"line":30,"column":137}},{"start":{},"end":{}}],"line":30},"16":{"loc":{"start":{"line":30,"column":78},"end":{"line":30,"column":137}},"type":"if","locations":[{"start":{"line":30,"column":78},"end":{"line":30,"column":137}},{"start":{},"end":{}}],"line":30},"17":{"loc":{"start":{"line":35,"column":22},"end":{"line":37,"column":1}},"type":"binary-expr","locations":[{"start":{"line":35,"column":23},"end":{"line":35,"column":27}},{"start":{"line":35,"column":31},"end":{"line":35,"column":51}},{"start":{"line":35,"column":56},"end":{"line":37,"column":1}}],"line":35},"18":{"loc":{"start":{"line":36,"column":11},"end":{"line":36,"column":61}},"type":"cond-expr","locations":[{"start":{"line":36,"column":37},"end":{"line":36,"column":40}},{"start":{"line":36,"column":43},"end":{"line":36,"column":61}}],"line":36},"19":{"loc":{"start":{"line":36,"column":12},"end":{"line":36,"column":33}},"type":"binary-expr","locations":[{"start":{"line":36,"column":12},"end":{"line":36,"column":15}},{"start":{"line":36,"column":19},"end":{"line":36,"column":33}}],"line":36},"20":{"loc":{"start":{"line":50,"column":8},"end":{"line":52,"column":9}},"type":"if","locations":[{"start":{"line":50,"column":8},"end":{"line":52,"column":9}},{"start":{},"end":{}}],"line":50},"21":{"loc":{"start":{"line":53,"column":8},"end":{"line":76,"column":9}},"type":"if","locations":[{"start":{"line":53,"column":8},"end":{"line":76,"column":9}},{"start":{},"end":{}}],"line":53},"22":{"loc":{"start":{"line":80,"column":8},"end":{"line":82,"column":9}},"type":"if","locations":[{"start":{"line":80,"column":8},"end":{"line":82,"column":9}},{"start":{},"end":{}}],"line":80},"23":{"loc":{"start":{"line":80,"column":12},"end":{"line":80,"column":67}},"type":"binary-expr","locations":[{"start":{"line":80,"column":12},"end":{"line":80,"column":21}},{"start":{"line":80,"column":25},"end":{"line":80,"column":41}},{"start":{"line":80,"column":45},"end":{"line":80,"column":67}}],"line":80},"24":{"loc":{"start":{"line":83,"column":8},"end":{"line":85,"column":9}},"type":"if","locations":[{"start":{"line":83,"column":8},"end":{"line":85,"column":9}},{"start":{},"end":{}}],"line":83},"25":{"loc":{"start":{"line":86,"column":8},"end":{"line":88,"column":9}},"type":"if","locations":[{"start":{"line":86,"column":8},"end":{"line":88,"column":9}},{"start":{},"end":{}}],"line":86},"26":{"loc":{"start":{"line":86,"column":12},"end":{"line":86,"column":53}},"type":"binary-expr","locations":[{"start":{"line":86,"column":12},"end":{"line":86,"column":28}},{"start":{"line":86,"column":32},"end":{"line":86,"column":53}}],"line":86},"27":{"loc":{"start":{"line":91,"column":8},"end":{"line":99,"column":9}},"type":"if","locations":[{"start":{"line":91,"column":8},"end":{"line":99,"column":9}},{"start":{"line":94,"column":13},"end":{"line":99,"column":9}}],"line":91},"28":{"loc":{"start":{"line":94,"column":13},"end":{"line":99,"column":9}},"type":"if","locations":[{"start":{"line":94,"column":13},"end":{"line":99,"column":9}},{"start":{"line":97,"column":13},"end":{"line":99,"column":9}}],"line":94},"29":{"loc":{"start":{"line":100,"column":8},"end":{"line":102,"column":9}},"type":"if","locations":[{"start":{"line":100,"column":8},"end":{"line":102,"column":9}},{"start":{},"end":{}}],"line":100},"30":{"loc":{"start":{"line":110,"column":8},"end":{"line":112,"column":9}},"type":"if","locations":[{"start":{"line":110,"column":8},"end":{"line":112,"column":9}},{"start":{},"end":{}}],"line":110},"31":{"loc":{"start":{"line":110,"column":12},"end":{"line":110,"column":67}},"type":"binary-expr","locations":[{"start":{"line":110,"column":12},"end":{"line":110,"column":21}},{"start":{"line":110,"column":25},"end":{"line":110,"column":41}},{"start":{"line":110,"column":45},"end":{"line":110,"column":67}}],"line":110},"32":{"loc":{"start":{"line":113,"column":8},"end":{"line":115,"column":9}},"type":"if","locations":[{"start":{"line":113,"column":8},"end":{"line":115,"column":9}},{"start":{},"end":{}}],"line":113},"33":{"loc":{"start":{"line":140,"column":8},"end":{"line":141,"column":25}},"type":"if","locations":[{"start":{"line":140,"column":8},"end":{"line":141,"column":25}},{"start":{},"end":{}}],"line":140},"34":{"loc":{"start":{"line":143,"column":8},"end":{"line":144,"column":25}},"type":"if","locations":[{"start":{"line":143,"column":8},"end":{"line":144,"column":25}},{"start":{},"end":{}}],"line":143},"35":{"loc":{"start":{"line":147,"column":8},"end":{"line":152,"column":9}},"type":"if","locations":[{"start":{"line":147,"column":8},"end":{"line":152,"column":9}},{"start":{"line":150,"column":13},"end":{"line":152,"column":9}}],"line":147},"36":{"loc":{"start":{"line":150,"column":13},"end":{"line":152,"column":9}},"type":"if","locations":[{"start":{"line":150,"column":13},"end":{"line":152,"column":9}},{"start":{},"end":{}}],"line":150},"37":{"loc":{"start":{"line":153,"column":8},"end":{"line":154,"column":25}},"type":"if","locations":[{"start":{"line":153,"column":8},"end":{"line":154,"column":25}},{"start":{},"end":{}}],"line":153},"38":{"loc":{"start":{"line":157,"column":8},"end":{"line":158,"column":43}},"type":"if","locations":[{"start":{"line":157,"column":8},"end":{"line":158,"column":43}},{"start":{},"end":{}}],"line":157},"39":{"loc":{"start":{"line":159,"column":8},"end":{"line":160,"column":43}},"type":"if","locations":[{"start":{"line":159,"column":8},"end":{"line":160,"column":43}},{"start":{},"end":{}}],"line":159},"40":{"loc":{"start":{"line":161,"column":15},"end":{"line":161,"column":65}},"type":"binary-expr","locations":[{"start":{"line":161,"column":15},"end":{"line":161,"column":38}},{"start":{"line":161,"column":42},"end":{"line":161,"column":65}}],"line":161},"41":{"loc":{"start":{"line":164,"column":8},"end":{"line":166,"column":9}},"type":"if","locations":[{"start":{"line":164,"column":8},"end":{"line":166,"column":9}},{"start":{},"end":{}}],"line":164},"42":{"loc":{"start":{"line":167,"column":8},"end":{"line":169,"column":9}},"type":"if","locations":[{"start":{"line":167,"column":8},"end":{"line":169,"column":9}},{"start":{},"end":{}}],"line":167},"43":{"loc":{"start":{"line":171,"column":12},"end":{"line":173,"column":13}},"type":"if","locations":[{"start":{"line":171,"column":12},"end":{"line":173,"column":13}},{"start":{},"end":{}}],"line":171},"44":{"loc":{"start":{"line":178,"column":8},"end":{"line":180,"column":9}},"type":"if","locations":[{"start":{"line":178,"column":8},"end":{"line":180,"column":9}},{"start":{},"end":{}}],"line":178},"45":{"loc":{"start":{"line":178,"column":12},"end":{"line":178,"column":55}},"type":"binary-expr","locations":[{"start":{"line":178,"column":12},"end":{"line":178,"column":37}},{"start":{"line":178,"column":41},"end":{"line":178,"column":55}}],"line":178},"46":{"loc":{"start":{"line":182,"column":8},"end":{"line":184,"column":9}},"type":"if","locations":[{"start":{"line":182,"column":8},"end":{"line":184,"column":9}},{"start":{},"end":{}}],"line":182},"47":{"loc":{"start":{"line":187,"column":8},"end":{"line":189,"column":9}},"type":"if","locations":[{"start":{"line":187,"column":8},"end":{"line":189,"column":9}},{"start":{},"end":{}}],"line":187},"48":{"loc":{"start":{"line":193,"column":8},"end":{"line":194,"column":25}},"type":"if","locations":[{"start":{"line":193,"column":8},"end":{"line":194,"column":25}},{"start":{},"end":{}}],"line":193},"49":{"loc":{"start":{"line":193,"column":12},"end":{"line":193,"column":55}},"type":"binary-expr","locations":[{"start":{"line":193,"column":12},"end":{"line":193,"column":37}},{"start":{"line":193,"column":41},"end":{"line":193,"column":55}}],"line":193},"50":{"loc":{"start":{"line":196,"column":8},"end":{"line":197,"column":25}},"type":"if","locations":[{"start":{"line":196,"column":8},"end":{"line":197,"column":25}},{"start":{},"end":{}}],"line":196},"51":{"loc":{"start":{"line":200,"column":8},"end":{"line":201,"column":25}},"type":"if","locations":[{"start":{"line":200,"column":8},"end":{"line":201,"column":25}},{"start":{},"end":{}}],"line":200},"52":{"loc":{"start":{"line":205,"column":8},"end":{"line":207,"column":9}},"type":"if","locations":[{"start":{"line":205,"column":8},"end":{"line":207,"column":9}},{"start":{},"end":{}}],"line":205},"53":{"loc":{"start":{"line":205,"column":12},"end":{"line":205,"column":82}},"type":"binary-expr","locations":[{"start":{"line":205,"column":12},"end":{"line":205,"column":38}},{"start":{"line":205,"column":42},"end":{"line":205,"column":57}},{"start":{"line":205,"column":61},"end":{"line":205,"column":82}}],"line":205},"54":{"loc":{"start":{"line":209,"column":8},"end":{"line":211,"column":9}},"type":"if","locations":[{"start":{"line":209,"column":8},"end":{"line":211,"column":9}},{"start":{},"end":{}}],"line":209},"55":{"loc":{"start":{"line":217,"column":8},"end":{"line":234,"column":9}},"type":"switch","locations":[{"start":{"line":218,"column":12},"end":{"line":219,"column":93}},{"start":{"line":220,"column":12},"end":{"line":221,"column":92}},{"start":{"line":222,"column":12},"end":{"line":223,"column":62}},{"start":{"line":224,"column":12},"end":{"line":225,"column":75}},{"start":{"line":226,"column":12},"end":{"line":227,"column":75}},{"start":{"line":228,"column":12},"end":{"line":229,"column":77}},{"start":{"line":230,"column":12},"end":{"line":231,"column":58}},{"start":{"line":232,"column":12},"end":{"line":233,"column":28}}],"line":217},"56":{"loc":{"start":{"line":241,"column":8},"end":{"line":243,"column":9}},"type":"if","locations":[{"start":{"line":241,"column":8},"end":{"line":243,"column":9}},{"start":{},"end":{}}],"line":241},"57":{"loc":{"start":{"line":242,"column":27},"end":{"line":242,"column":106}},"type":"cond-expr","locations":[{"start":{"line":242,"column":59},"end":{"line":242,"column":77}},{"start":{"line":242,"column":80},"end":{"line":242,"column":106}}],"line":242},"58":{"loc":{"start":{"line":262,"column":12},"end":{"line":264,"column":13}},"type":"if","locations":[{"start":{"line":262,"column":12},"end":{"line":264,"column":13}},{"start":{},"end":{}}],"line":262},"59":{"loc":{"start":{"line":263,"column":24},"end":{"line":263,"column":96}},"type":"cond-expr","locations":[{"start":{"line":263,"column":56},"end":{"line":263,"column":74}},{"start":{"line":263,"column":77},"end":{"line":263,"column":96}}],"line":263},"60":{"loc":{"start":{"line":265,"column":12},"end":{"line":267,"column":13}},"type":"if","locations":[{"start":{"line":265,"column":12},"end":{"line":267,"column":13}},{"start":{},"end":{}}],"line":265},"61":{"loc":{"start":{"line":274,"column":8},"end":{"line":276,"column":9}},"type":"if","locations":[{"start":{"line":274,"column":8},"end":{"line":276,"column":9}},{"start":{},"end":{}}],"line":274},"62":{"loc":{"start":{"line":274,"column":12},"end":{"line":274,"column":85}},"type":"binary-expr","locations":[{"start":{"line":274,"column":12},"end":{"line":274,"column":29}},{"start":{"line":274,"column":33},"end":{"line":274,"column":56}},{"start":{"line":274,"column":60},"end":{"line":274,"column":85}}],"line":274},"63":{"loc":{"start":{"line":277,"column":8},"end":{"line":281,"column":9}},"type":"if","locations":[{"start":{"line":277,"column":8},"end":{"line":281,"column":9}},{"start":{},"end":{}}],"line":277},"64":{"loc":{"start":{"line":278,"column":12},"end":{"line":280,"column":13}},"type":"if","locations":[{"start":{"line":278,"column":12},"end":{"line":280,"column":13}},{"start":{},"end":{}}],"line":278},"65":{"loc":{"start":{"line":282,"column":8},"end":{"line":284,"column":9}},"type":"if","locations":[{"start":{"line":282,"column":8},"end":{"line":284,"column":9}},{"start":{},"end":{}}],"line":282},"66":{"loc":{"start":{"line":288,"column":8},"end":{"line":290,"column":9}},"type":"if","locations":[{"start":{"line":288,"column":8},"end":{"line":290,"column":9}},{"start":{},"end":{}}],"line":288},"67":{"loc":{"start":{"line":288,"column":12},"end":{"line":288,"column":82}},"type":"binary-expr","locations":[{"start":{"line":288,"column":12},"end":{"line":288,"column":38}},{"start":{"line":288,"column":42},"end":{"line":288,"column":57}},{"start":{"line":288,"column":61},"end":{"line":288,"column":82}}],"line":288},"68":{"loc":{"start":{"line":292,"column":8},"end":{"line":294,"column":9}},"type":"if","locations":[{"start":{"line":292,"column":8},"end":{"line":294,"column":9}},{"start":{},"end":{}}],"line":292},"69":{"loc":{"start":{"line":296,"column":8},"end":{"line":307,"column":9}},"type":"if","locations":[{"start":{"line":296,"column":8},"end":{"line":307,"column":9}},{"start":{"line":299,"column":13},"end":{"line":307,"column":9}}],"line":296},"70":{"loc":{"start":{"line":296,"column":12},"end":{"line":296,"column":41}},"type":"binary-expr","locations":[{"start":{"line":296,"column":12},"end":{"line":296,"column":25}},{"start":{"line":296,"column":29},"end":{"line":296,"column":41}}],"line":296},"71":{"loc":{"start":{"line":299,"column":13},"end":{"line":307,"column":9}},"type":"if","locations":[{"start":{"line":299,"column":13},"end":{"line":307,"column":9}},{"start":{"line":302,"column":13},"end":{"line":307,"column":9}}],"line":299},"72":{"loc":{"start":{"line":299,"column":17},"end":{"line":299,"column":61}},"type":"binary-expr","locations":[{"start":{"line":299,"column":17},"end":{"line":299,"column":29}},{"start":{"line":299,"column":33},"end":{"line":299,"column":45}},{"start":{"line":299,"column":49},"end":{"line":299,"column":61}}],"line":299},"73":{"loc":{"start":{"line":302,"column":13},"end":{"line":307,"column":9}},"type":"if","locations":[{"start":{"line":302,"column":13},"end":{"line":307,"column":9}},{"start":{"line":305,"column":13},"end":{"line":307,"column":9}}],"line":302},"74":{"loc":{"start":{"line":305,"column":13},"end":{"line":307,"column":9}},"type":"if","locations":[{"start":{"line":305,"column":13},"end":{"line":307,"column":9}},{"start":{},"end":{}}],"line":305},"75":{"loc":{"start":{"line":311,"column":8},"end":{"line":313,"column":9}},"type":"if","locations":[{"start":{"line":311,"column":8},"end":{"line":313,"column":9}},{"start":{},"end":{}}],"line":311},"76":{"loc":{"start":{"line":311,"column":12},"end":{"line":311,"column":85}},"type":"binary-expr","locations":[{"start":{"line":311,"column":12},"end":{"line":311,"column":39}},{"start":{"line":311,"column":43},"end":{"line":311,"column":59}},{"start":{"line":311,"column":63},"end":{"line":311,"column":85}}],"line":311},"77":{"loc":{"start":{"line":314,"column":8},"end":{"line":316,"column":9}},"type":"if","locations":[{"start":{"line":314,"column":8},"end":{"line":316,"column":9}},{"start":{},"end":{}}],"line":314},"78":{"loc":{"start":{"line":314,"column":12},"end":{"line":314,"column":120}},"type":"binary-expr","locations":[{"start":{"line":314,"column":12},"end":{"line":314,"column":53}},{"start":{"line":314,"column":57},"end":{"line":314,"column":88}},{"start":{"line":314,"column":92},"end":{"line":314,"column":120}}],"line":314},"79":{"loc":{"start":{"line":318,"column":12},"end":{"line":320,"column":13}},"type":"if","locations":[{"start":{"line":318,"column":12},"end":{"line":320,"column":13}},{"start":{},"end":{}}],"line":318},"80":{"loc":{"start":{"line":322,"column":8},"end":{"line":327,"column":9}},"type":"if","locations":[{"start":{"line":322,"column":8},"end":{"line":327,"column":9}},{"start":{},"end":{}}],"line":322},"81":{"loc":{"start":{"line":324,"column":12},"end":{"line":326,"column":13}},"type":"if","locations":[{"start":{"line":324,"column":12},"end":{"line":326,"column":13}},{"start":{},"end":{}}],"line":324},"82":{"loc":{"start":{"line":324,"column":16},"end":{"line":324,"column":83}},"type":"binary-expr","locations":[{"start":{"line":324,"column":16},"end":{"line":324,"column":44}},{"start":{"line":324,"column":48},"end":{"line":324,"column":83}}],"line":324},"83":{"loc":{"start":{"line":329,"column":8},"end":{"line":331,"column":9}},"type":"if","locations":[{"start":{"line":329,"column":8},"end":{"line":331,"column":9}},{"start":{},"end":{}}],"line":329},"84":{"loc":{"start":{"line":337,"column":8},"end":{"line":339,"column":9}},"type":"if","locations":[{"start":{"line":337,"column":8},"end":{"line":339,"column":9}},{"start":{},"end":{}}],"line":337},"85":{"loc":{"start":{"line":337,"column":12},"end":{"line":337,"column":79}},"type":"binary-expr","locations":[{"start":{"line":337,"column":12},"end":{"line":337,"column":37}},{"start":{"line":337,"column":41},"end":{"line":337,"column":55}},{"start":{"line":337,"column":59},"end":{"line":337,"column":79}}],"line":337},"86":{"loc":{"start":{"line":340,"column":8},"end":{"line":342,"column":9}},"type":"if","locations":[{"start":{"line":340,"column":8},"end":{"line":342,"column":9}},{"start":{},"end":{}}],"line":340},"87":{"loc":{"start":{"line":346,"column":12},"end":{"line":348,"column":13}},"type":"if","locations":[{"start":{"line":346,"column":12},"end":{"line":348,"column":13}},{"start":{},"end":{}}],"line":346},"88":{"loc":{"start":{"line":351,"column":8},"end":{"line":353,"column":9}},"type":"if","locations":[{"start":{"line":351,"column":8},"end":{"line":353,"column":9}},{"start":{},"end":{}}],"line":351},"89":{"loc":{"start":{"line":357,"column":8},"end":{"line":366,"column":9}},"type":"if","locations":[{"start":{"line":357,"column":8},"end":{"line":366,"column":9}},{"start":{},"end":{}}],"line":357},"90":{"loc":{"start":{"line":360,"column":16},"end":{"line":361,"column":29}},"type":"if","locations":[{"start":{"line":360,"column":16},"end":{"line":361,"column":29}},{"start":{},"end":{}}],"line":360},"91":{"loc":{"start":{"line":362,"column":16},"end":{"line":363,"column":30}},"type":"if","locations":[{"start":{"line":362,"column":16},"end":{"line":363,"column":30}},{"start":{},"end":{}}],"line":362},"92":{"loc":{"start":{"line":383,"column":70},"end":{"line":383,"column":115}},"type":"binary-expr","locations":[{"start":{"line":383,"column":70},"end":{"line":383,"column":102}},{"start":{"line":383,"column":106},"end":{"line":383,"column":115}}],"line":383},"93":{"loc":{"start":{"line":384,"column":8},"end":{"line":386,"column":9}},"type":"if","locations":[{"start":{"line":384,"column":8},"end":{"line":386,"column":9}},{"start":{},"end":{}}],"line":384},"94":{"loc":{"start":{"line":397,"column":12},"end":{"line":398,"column":23}},"type":"if","locations":[{"start":{"line":397,"column":12},"end":{"line":398,"column":23}},{"start":{},"end":{}}],"line":397},"95":{"loc":{"start":{"line":397,"column":16},"end":{"line":397,"column":55}},"type":"binary-expr","locations":[{"start":{"line":397,"column":16},"end":{"line":397,"column":31}},{"start":{"line":397,"column":35},"end":{"line":397,"column":55}}],"line":397},"96":{"loc":{"start":{"line":400,"column":12},"end":{"line":401,"column":23}},"type":"if","locations":[{"start":{"line":400,"column":12},"end":{"line":401,"column":23}},{"start":{},"end":{}}],"line":400},"97":{"loc":{"start":{"line":404,"column":16},"end":{"line":406,"column":17}},"type":"if","locations":[{"start":{"line":404,"column":16},"end":{"line":406,"column":17}},{"start":{},"end":{}}],"line":404},"98":{"loc":{"start":{"line":414,"column":8},"end":{"line":416,"column":9}},"type":"if","locations":[{"start":{"line":414,"column":8},"end":{"line":416,"column":9}},{"start":{},"end":{}}],"line":414},"99":{"loc":{"start":{"line":419,"column":8},"end":{"line":420,"column":25}},"type":"if","locations":[{"start":{"line":419,"column":8},"end":{"line":420,"column":25}},{"start":{},"end":{}}],"line":419},"100":{"loc":{"start":{"line":424,"column":12},"end":{"line":425,"column":23}},"type":"if","locations":[{"start":{"line":424,"column":12},"end":{"line":425,"column":23}},{"start":{},"end":{}}],"line":424},"101":{"loc":{"start":{"line":434,"column":4},"end":{"line":439,"column":5}},"type":"if","locations":[{"start":{"line":434,"column":4},"end":{"line":439,"column":5}},{"start":{"line":437,"column":9},"end":{"line":439,"column":5}}],"line":434},"102":{"loc":{"start":{"line":440,"column":30},"end":{"line":449,"column":31}},"type":"binary-expr","locations":[{"start":{"line":440,"column":30},"end":{"line":440,"column":50}},{"start":{"line":441,"column":8},"end":{"line":441,"column":32}},{"start":{"line":442,"column":8},"end":{"line":442,"column":31}},{"start":{"line":443,"column":8},"end":{"line":443,"column":35}},{"start":{"line":444,"column":8},"end":{"line":444,"column":33}},{"start":{"line":445,"column":8},"end":{"line":445,"column":30}},{"start":{"line":446,"column":8},"end":{"line":446,"column":29}},{"start":{"line":447,"column":8},"end":{"line":447,"column":30}},{"start":{"line":448,"column":8},"end":{"line":448,"column":30}},{"start":{"line":449,"column":8},"end":{"line":449,"column":31}}],"line":440},"103":{"loc":{"start":{"line":450,"column":4},"end":{"line":451,"column":20}},"type":"if","locations":[{"start":{"line":450,"column":4},"end":{"line":451,"column":20}},{"start":{},"end":{}}],"line":450}},"s":{"0":1,"1":149,"2":149,"3":149,"4":149,"5":149,"6":77,"7":149,"8":0,"9":0,"10":0,"11":1,"12":1,"13":0,"14":1,"15":1,"16":1,"17":0,"18":0,"19":0,"20":0,"21":0,"22":1,"23":1,"24":1,"25":0,"26":1,"27":1,"28":1,"29":1,"30":1,"31":149,"32":149,"33":1,"34":1,"35":1,"36":1,"37":1,"38":1,"39":1,"40":1,"41":69,"42":69,"43":55,"44":10,"45":45,"46":1,"47":1,"48":1,"49":1,"50":1,"51":1,"52":1,"53":1,"54":1,"55":1,"56":23,"57":23,"58":2,"59":21,"60":1,"61":20,"62":1,"63":19,"64":19,"65":18,"66":1,"67":1,"68":0,"69":16,"70":3,"71":13,"72":13,"73":13,"74":13,"75":4,"76":4,"77":2,"78":2,"79":1,"80":1,"81":1,"82":1,"83":0,"84":1,"85":69,"86":69,"87":69,"88":17,"89":0,"90":17,"91":17,"92":1,"93":16,"94":16,"95":16,"96":9,"97":7,"98":0,"99":16,"100":6,"101":10,"102":10,"103":10,"104":2,"105":8,"106":3,"107":5,"108":5,"109":1,"110":4,"111":1,"112":3,"113":5,"114":1,"115":2,"116":11,"117":1,"118":10,"119":10,"120":1,"121":9,"122":9,"123":9,"124":1,"125":8,"126":3,"127":0,"128":3,"129":3,"130":0,"131":3,"132":3,"133":3,"134":0,"135":3,"136":1,"137":1,"138":0,"139":0,"140":0,"141":0,"142":8,"143":8,"144":8,"145":1,"146":1,"147":1,"148":2,"149":0,"150":1,"151":1,"152":0,"153":0,"154":1,"155":1,"156":4,"157":0,"158":2,"159":2,"160":2,"161":2,"162":2,"163":0,"164":2,"165":4,"166":4,"167":4,"168":4,"169":4,"170":4,"171":4,"172":4,"173":0,"174":0,"175":0,"176":0,"177":0,"178":0,"179":0,"180":0,"181":0,"182":0,"183":0,"184":23,"185":23,"186":3,"187":20,"188":19,"189":16,"190":4,"191":1,"192":3,"193":24,"194":1,"195":23,"196":23,"197":2,"198":21,"199":21,"200":5,"201":16,"202":11,"203":5,"204":3,"205":2,"206":1,"207":1,"208":4,"209":0,"210":4,"211":0,"212":4,"213":6,"214":1,"215":3,"216":1,"217":1,"218":0,"219":3,"220":3,"221":4,"222":0,"223":3,"224":24,"225":24,"226":24,"227":1,"228":23,"229":20,"230":3,"231":3,"232":3,"233":5,"234":0,"235":5,"236":3,"237":0,"238":3,"239":0,"240":3,"241":1,"242":1,"243":0,"244":0,"245":0,"246":0,"247":0,"248":3,"249":3,"250":3,"251":3,"252":0,"253":4,"254":4,"255":18,"256":5979,"257":18,"258":2,"259":16,"260":16,"261":5961,"262":5961,"263":5961,"264":0,"265":5961,"266":0,"267":5961,"268":5961,"269":3,"270":5958,"271":64628,"272":64628,"273":64627,"274":16,"275":1,"276":1,"277":1,"278":1,"279":0,"280":0,"281":0,"282":0,"283":0,"284":0,"285":0,"286":0,"287":0,"288":0,"289":0,"290":1,"291":64628,"292":24621,"293":40007,"294":64628,"295":64628,"296":1,"297":64627,"298":0,"299":0},"f":{"0":149,"1":77,"2":0,"3":1,"4":0,"5":1,"6":1,"7":0,"8":1,"9":1,"10":69,"11":55,"12":1,"13":1,"14":1,"15":23,"16":4,"17":17,"18":5,"19":11,"20":3,"21":1,"22":8,"23":1,"24":2,"25":1,"26":0,"27":1,"28":2,"29":4,"30":0,"31":23,"32":24,"33":4,"34":4,"35":24,"36":5,"37":0,"38":0,"39":3,"40":4,"41":18,"42":5979,"43":5961,"44":1,"45":0,"46":64628,"47":0},"b":{"0":[1,1,1],"1":[1,0],"2":[149,0],"3":[149,0],"4":[149,149],"5":[0,149],"6":[149,0],"7":[0,0],"8":[1,1,1],"9":[1,0],"10":[1,1,1],"11":[1,0],"12":[0,0],"13":[0,1],"14":[1,1],"15":[1,0],"16":[149,0],"17":[1,1,1],"18":[0,1],"19":[1,1],"20":[10,45],"21":[1,44],"22":[2,21],"23":[23,23,22],"24":[1,20],"25":[1,19],"26":[20,19],"27":[18,1],"28":[1,0],"29":[3,13],"30":[2,2],"31":[4,4,3],"32":[1,1],"33":[0,17],"34":[1,16],"35":[9,7],"36":[0,7],"37":[6,10],"38":[2,8],"39":[3,5],"40":[5,4],"41":[1,4],"42":[1,3],"43":[1,4],"44":[1,10],"45":[11,10],"46":[1,9],"47":[1,8],"48":[0,3],"49":[3,3],"50":[0,3],"51":[0,3],"52":[1,0],"53":[1,0,0],"54":[0,0],"55":[1,1,0,1,0,1,4,0],"56":[0,2],"57":[0,0],"58":[0,0],"59":[0,0],"60":[0,0],"61":[3,20],"62":[23,20,20],"63":[19,1],"64":[16,3],"65":[1,3],"66":[1,23],"67":[24,23,23],"68":[2,21],"69":[5,16],"70":[21,18],"71":[11,5],"72":[16,6,6],"73":[3,2],"74":[1,1],"75":[0,4],"76":[4,4,4],"77":[0,4],"78":[4,4,4],"79":[1,5],"80":[1,2],"81":[0,1],"82":[1,1],"83":[0,3],"84":[1,23],"85":[24,23,23],"86":[20,3],"87":[0,5],"88":[0,3],"89":[1,2],"90":[0,0],"91":[0,0],"92":[5979,5978],"93":[2,16],"94":[0,5961],"95":[5961,5961],"96":[3,5958],"97":[64627,1],"98":[1,0],"99":[0,0],"100":[0,0],"101":[24621,40007],"102":[64628,64628,64628,64628,64628,64628,64628,64628,64628,64628],"103":[1,64627]},"inputSourceMap":{"version":3,"file":"C:/Users/georg/OneDrive/Documents/cpsc310/project_team059/src/controller/InsightFacade.ts","sources":["C:/Users/georg/OneDrive/Documents/cpsc310/project_team059/src/controller/InsightFacade.ts"],"names":[],"mappings":";;;;;;;;;;;;;;;;;;;;;;;;;;;;;;;;;;;;;;AAAA,qDAQ0B;AAC1B,kDAA0B;AAC1B,6CAA+B;AAM/B,MAAqB,aAAa;IACzB,QAAQ,CAA8B;IACtC,cAAc,CAAS;IAE/B;QACC,IAAI,CAAC,QAAQ,GAAG,IAAI,GAAG,EAA0B,CAAC;QAClD,IAAI,CAAC,cAAc,GAAG,EAAE,CAAC;IAC1B,CAAC;IAEO,KAAK,CAAC,kBAAkB;QAC/B,IAAI,IAAI,CAAC,QAAQ,CAAC,IAAI,GAAG,CAAC,EAAE,CAAC;YAC5B,OAAO;QACR,CAAC;QAED,IAAI,MAAM,EAAE,CAAC,UAAU,CAAC,QAAQ,CAAC,EAAE,CAAC;YACnC,MAAM,KAAK,GAAG,MAAM,EAAE,CAAC,OAAO,CAAC,QAAQ,CAAC,CAAC;YACzC,MAAM,SAAS,GAAG,KAAK,CAAC,MAAM,CAAC,CAAC,IAAI,EAAE,EAAE,CAAC,IAAI,CAAC,QAAQ,CAAC,OAAO,CAAC,CAAC,CAAC;YAGjE,MAAM,YAAY,GAAG,SAAS,CAAC,GAAG,CAAC,KAAK,EAAE,QAAQ,EAAE,EAAE;gBACrD,OAAO,EAAE,CAAC,QAAQ,CAAC,UAAU,QAAQ,EAAE,CAAC,CAAC,IAAI,CAAC,CAAC,IAAI,EAAE,EAAE;oBACtD,OAAO;wBACN,EAAE,EAAE,QAAQ,CAAC,OAAO,CAAC,OAAO,EAAE,EAAE,CAAC;wBACjC,OAAO,EAAE,IAAI,CAAC,MAAM;qBACpB,CAAC;gBACH,CAAC,CAAC,CAAC;YACJ,CAAC,CAAC,CAAC;YAEH,IAAI,CAAC;gBACJ,MAAM,OAAO,GAAG,MAAM,OAAO,CAAC,GAAG,CAAC,YAAY,CAAC,CAAC;gBAGhD,KAAK,MAAM,GAAG,IAAI,OAAO,EAAE,CAAC;oBAC3B,IAAI,CAAC,QAAQ,CAAC,GAAG,CAAC,GAAG,CAAC,EAAE,EAAE;wBACzB,EAAE,EAAE,GAAG,CAAC,EAAE;wBACV,IAAI,EAAE,mCAAkB,CAAC,QAAQ;wBACjC,OAAO,EAAE,GAAG,CAAC,OAAO;qBACpB,CAAC,CAAC;gBACJ,CAAC;YACF,CAAC;YAAC,OAAO,IAAI,EAAE,CAAC;YAGhB,CAAC;QAmBF,CAAC;IACF,CAAC;IAEM,KAAK,CAAC,UAAU,CAAC,EAAU,EAAE,OAAe,EAAE,IAAwB;QAE5E,MAAM,IAAI,CAAC,kBAAkB,EAAE,CAAC;QAChC,IAAI,EAAE,KAAK,EAAE,IAAI,EAAE,CAAC,QAAQ,CAAC,GAAG,CAAC,IAAI,EAAE,CAAC,IAAI,EAAE,CAAC,MAAM,KAAK,CAAC,EAAE,CAAC;YAC7D,OAAO,OAAO,CAAC,MAAM,CAAC,IAAI,6BAAY,CAAC,YAAY,CAAC,CAAC,CAAC;QACvD,CAAC;QACD,IAAI,IAAI,CAAC,QAAQ,CAAC,GAAG,CAAC,EAAE,CAAC,EAAE,CAAC;YAC3B,OAAO,OAAO,CAAC,MAAM,CAAC,IAAI,6BAAY,CAAC,mBAAmB,CAAC,CAAC,CAAC;QAC9D,CAAC;QACD,IAAI,OAAO,KAAK,IAAI,IAAI,OAAO,KAAK,SAAS,EAAE,CAAC;YAC/C,MAAM,IAAI,6BAAY,CAAC,qBAAqB,CAAC,CAAC;QAC/C,CAAC;QAGD,MAAM,GAAG,GAAG,MAAM,eAAK,CAAC,SAAS,CAAC,OAAO,EAAE,EAAE,MAAM,EAAE,IAAI,EAAE,CAAC,CAAC;QAC7D,IAAI,IAAW,CAAC;QAEhB,IAAI,IAAI,KAAK,mCAAkB,CAAC,QAAQ,EAAE,CAAC;YAC1C,IAAI,GAAG,MAAM,IAAI,CAAC,aAAa,CAAC,GAAG,CAAC,CAAC;QACtC,CAAC;aAAM,IAAI,IAAI,KAAK,mCAAkB,CAAC,KAAK,EAAE,CAAC;YAC9C,IAAI,GAAG,MAAM,IAAI,CAAC,UAAU,CAAC,GAAG,CAAC,CAAC;QACnC,CAAC;aAAM,CAAC;YACP,MAAM,IAAI,6BAAY,CAAC,6BAA6B,CAAC,CAAC;QACvD,CAAC;QAGD,IAAI,IAAI,CAAC,MAAM,KAAK,CAAC,EAAE,CAAC;YACvB,MAAM,IAAI,6BAAY,CAAC,uCAAuC,CAAC,CAAC;QACjE,CAAC;QAED,MAAM,EAAE,CAAC,SAAS,CAAC,QAAQ,CAAC,CAAC;QAC7B,MAAM,EAAE,CAAC,SAAS,CAAC,UAAU,EAAE,OAAO,EAAE,IAAI,CAAC,CAAC;QAO9C,IAAI,CAAC,QAAQ,CAAC,GAAG,CAAC,EAAE,EAAE,EAAE,EAAE,EAAE,EAAE,EAAE,IAAI,EAAE,IAAI,EAAE,OAAO,EAAE,IAAI,CAAC,MAAM,EAAE,CAAC,CAAC;QAEpE,OAAO,KAAK,CAAC,IAAI,CAAC,IAAI,CAAC,QAAQ,CAAC,IAAI,EAAE,CAAC,CAAC;IACzC,CAAC;IAEM,KAAK,CAAC,aAAa,CAAC,EAAU;QAEpC,MAAM,IAAI,CAAC,kBAAkB,EAAE,CAAC;QAChC,IAAI,EAAE,KAAK,EAAE,IAAI,EAAE,CAAC,QAAQ,CAAC,GAAG,CAAC,IAAI,EAAE,CAAC,IAAI,EAAE,CAAC,MAAM,KAAK,CAAC,EAAE,CAAC;YAC7D,OAAO,OAAO,CAAC,MAAM,CAAC,IAAI,6BAAY,CAAC,YAAY,CAAC,CAAC,CAAC;QACvD,CAAC;QACD,IAAI,CAAC,IAAI,CAAC,QAAQ,CAAC,GAAG,CAAC,EAAE,CAAC,EAAE,CAAC;YAC5B,OAAO,OAAO,CAAC,MAAM,CAAC,IAAI,8BAAa,CAAC,cAAc,CAAC,CAAC,CAAC;QAC1D,CAAC;QAED,IAAI,CAAC,QAAQ,CAAC,MAAM,CAAC,EAAE,CAAC,CAAC;QAEzB,IAAI,CAAC;YACJ,MAAM,EAAE,CAAC,MAAM,CAAC,UAAU,EAAE,OAAO,CAAC,CAAC;QACtC,CAAC;QAAC,OAAO,IAAI,EAAE,CAAC;YACf,OAAO,OAAO,CAAC,MAAM,CAAC,IAAI,6BAAY,CAAC,uBAAuB,CAAC,CAAC,CAAC;QAClE,CAAC;QACD,OAAO,OAAO,CAAC,OAAO,CAAC,EAAE,CAAC,CAAC;IAC5B,CAAC;IAOO,aAAa,GAAG,IAAI,CAAC;IACrB,WAAW,GAAG,IAAI,CAAC;IAGnB,UAAU,GAA8B;QAC/C,GAAG,EAAE,KAAK;QACV,IAAI,EAAE,MAAM;QACZ,IAAI,EAAE,MAAM;QACZ,KAAK,EAAE,OAAO;QACd,IAAI,EAAE,MAAM;QACZ,IAAI,EAAE,SAAS;QACf,EAAE,EAAE,QAAQ;QACZ,UAAU,EAAE,WAAW;QACvB,KAAK,EAAE,OAAO;QACd,IAAI,EAAE,IAAI;KACV,CAAC;IAEM,WAAW,CAAC,GAAQ,EAAE,IAA0B;QAEvD,IAAI,OAAO,GAAG,KAAK,QAAQ;YAAE,OAAO,KAAK,CAAC;QAG1C,MAAM,KAAK,GAAG,GAAG,CAAC,KAAK,CAAC,GAAG,CAAC,CAAC;QAC7B,IAAI,KAAK,CAAC,MAAM,KAAK,CAAC;YAAE,OAAO,KAAK,CAAC;QAErC,MAAM,EAAE,GAAG,KAAK,CAAC,CAAC,CAAC,CAAC;QACpB,MAAM,KAAK,GAAG,KAAK,CAAC,CAAC,CAAC,CAAC;QAIvB,IAAI,IAAI,CAAC,cAAc,KAAK,EAAE,EAAE,CAAC;YAChC,IAAI,CAAC,cAAc,GAAG,EAAE,CAAC;QAC1B,CAAC;aAAM,IAAI,IAAI,CAAC,cAAc,KAAK,EAAE,EAAE,CAAC;YACvC,OAAO,KAAK,CAAC;QACd,CAAC;QAGD,IAAI,CAAC,IAAI,CAAC,QAAQ,CAAC,GAAG,CAAC,EAAE,CAAC;YAAE,OAAO,KAAK,CAAC;QAEzC,MAAM,OAAO,GAAG,CAAC,KAAK,EAAE,MAAM,EAAE,MAAM,EAAE,OAAO,EAAE,MAAM,CAAC,CAAC;QACzD,MAAM,OAAO,GAAG,CAAC,MAAM,EAAE,IAAI,EAAE,YAAY,EAAE,OAAO,EAAE,MAAM,CAAC,CAAC;QAE9D,IAAI,IAAI,KAAK,QAAQ;YAAE,OAAO,OAAO,CAAC,QAAQ,CAAC,KAAK,CAAC,CAAC;QACtD,IAAI,IAAI,KAAK,QAAQ;YAAE,OAAO,OAAO,CAAC,QAAQ,CAAC,KAAK,CAAC,CAAC;QAGtD,OAAO,OAAO,CAAC,QAAQ,CAAC,KAAK,CAAC,IAAI,OAAO,CAAC,QAAQ,CAAC,KAAK,CAAC,CAAC;IAC3D,CAAC;IAEO,sBAAsB,CAAC,UAAe;QAE7C,IAAI,CAAC,KAAK,CAAC,OAAO,CAAC,UAAU,CAAC,EAAE,CAAC;YAChC,OAAO,KAAK,CAAC;QACd,CAAC;QAGD,IAAI,UAAU,CAAC,MAAM,KAAK,CAAC,EAAE,CAAC;YAC7B,OAAO,KAAK,CAAC;QACd,CAAC;QAID,KAAK,MAAM,MAAM,IAAI,UAAU,EAAE,CAAC;YACjC,IAAI,CAAC,IAAI,CAAC,aAAa,CAAC,MAAM,CAAC,EAAE,CAAC;gBACjC,OAAO,KAAK,CAAC;YACd,CAAC;QACF,CAAC;QAED,OAAO,IAAI,CAAC;IACb,CAAC;IAEO,kBAAkB,CAAC,KAAU;QACpC,IAAI,OAAO,KAAK,KAAK,QAAQ,IAAI,KAAK,KAAK,IAAI,EAAE,CAAC;YACjD,OAAO,KAAK,CAAC;QACd,CAAC;QAED,MAAM,IAAI,GAAG,MAAM,CAAC,IAAI,CAAC,KAAK,CAAC,CAAC;QAChC,IAAI,IAAI,CAAC,MAAM,KAAK,CAAC,EAAE,CAAC;YACvB,OAAO,KAAK,CAAC;QACd,CAAC;QAED,MAAM,IAAI,GAAG,IAAI,CAAC,CAAC,CAAC,CAAC;QACrB,MAAM,GAAG,GAAG,KAAK,CAAC,IAAI,CAAC,CAAC;QAGxB,IAAI,OAAO,GAAG,KAAK,QAAQ,EAAE,CAAC;YAC7B,OAAO,KAAK,CAAC;QACd,CAAC;QAID,OAAO,IAAI,CAAC,WAAW,CAAC,IAAI,EAAE,QAAQ,CAAC,CAAC;IACzC,CAAC;IAEO,kBAAkB,CAAC,KAAU;QACpC,IAAI,OAAO,KAAK,KAAK,QAAQ,IAAI,KAAK,KAAK,IAAI;YAAE,OAAO,KAAK,CAAC;QAC9D,MAAM,IAAI,GAAG,MAAM,CAAC,IAAI,CAAC,KAAK,CAAC,CAAC;QAChC,IAAI,IAAI,CAAC,MAAM,KAAK,CAAC;YAAE,OAAO,KAAK,CAAC;QAEpC,MAAM,IAAI,GAAG,IAAI,CAAC,CAAC,CAAC,CAAC;QACrB,MAAM,GAAG,GAAG,KAAK,CAAC,IAAI,CAAC,CAAC;QAGxB,IAAI,OAAO,GAAG,KAAK,QAAQ;YAAE,OAAO,KAAK,CAAC;QAE1C,OAAO,IAAI,CAAC,WAAW,CAAC,IAAI,EAAE,QAAQ,CAAC,CAAC;IACzC,CAAC;IAEO,eAAe,CAAC,MAAW;QAClC,IAAI,OAAO,MAAM,KAAK,QAAQ,IAAI,MAAM,KAAK,IAAI,IAAI,KAAK,CAAC,OAAO,CAAC,MAAM,CAAC,EAAE,CAAC;YAC5E,OAAO,KAAK,CAAC;QACd,CAAC;QAED,MAAM,IAAI,GAAG,MAAM,CAAC,IAAI,CAAC,MAAM,CAAC,CAAC;QACjC,IAAI,IAAI,CAAC,MAAM,KAAK,CAAC,EAAE,CAAC;YACvB,OAAO,KAAK,CAAC;QACd,CAAC;QAED,OAAO,IAAI,CAAC,aAAa,CAAC,MAAM,CAAC,CAAC;IACnC,CAAC;IAEO,cAAc,CAAC,OAAY,EAAE,MAAW;QAC/C,MAAM,GAAG,GAAG,MAAM,CAAC,IAAI,CAAC,MAAM,CAAC,CAAC,CAAC,CAAC,CAAC;QACnC,MAAM,OAAO,GAAG,MAAM,CAAC,GAAG,CAAC,CAAC;QAE5B,QAAQ,GAAG,EAAE,CAAC;YACb,KAAK,KAAK;gBAET,OAAO,OAAO,CAAC,KAAK,CAAC,CAAC,SAAc,EAAE,EAAE,CAAC,IAAI,CAAC,cAAc,CAAC,OAAO,EAAE,SAAS,CAAC,CAAC,CAAC;YACnF,KAAK,IAAI;gBAER,OAAO,OAAO,CAAC,IAAI,CAAC,CAAC,SAAc,EAAE,EAAE,CAAC,IAAI,CAAC,cAAc,CAAC,OAAO,EAAE,SAAS,CAAC,CAAC,CAAC;YAClF,KAAK,KAAK;gBAET,OAAO,CAAC,IAAI,CAAC,cAAc,CAAC,OAAO,EAAE,OAAO,CAAC,CAAC;YAC/C,KAAK,IAAI;gBACR,OAAO,IAAI,CAAC,WAAW,CAAC,OAAO,EAAE,OAAO,EAAE,CAAC,CAAC,EAAE,CAAC,EAAE,EAAE,CAAC,CAAC,GAAG,CAAC,CAAC,CAAC;YAC5D,KAAK,IAAI;gBACR,OAAO,IAAI,CAAC,WAAW,CAAC,OAAO,EAAE,OAAO,EAAE,CAAC,CAAC,EAAE,CAAC,EAAE,EAAE,CAAC,CAAC,GAAG,CAAC,CAAC,CAAC;YAC5D,KAAK,IAAI;gBACR,OAAO,IAAI,CAAC,WAAW,CAAC,OAAO,EAAE,OAAO,EAAE,CAAC,CAAC,EAAE,CAAC,EAAE,EAAE,CAAC,CAAC,KAAK,CAAC,CAAC,CAAC;YAC9D,KAAK,IAAI;gBACR,OAAO,IAAI,CAAC,WAAW,CAAC,OAAO,EAAE,OAAO,CAAC,CAAC;YAC3C;gBAEC,OAAO,IAAI,CAAC;QACd,CAAC;IACF,CAAC;IAEO,WAAW,CAAC,OAAY,EAAE,UAAe,EAAE,EAAqC;QACvF,MAAM,QAAQ,GAAG,MAAM,CAAC,IAAI,CAAC,UAAU,CAAC,CAAC,CAAC,CAAC,CAAC;QAC5C,MAAM,WAAW,GAAG,UAAU,CAAC,QAAQ,CAAC,CAAC;QACzC,MAAM,KAAK,GAAG,QAAQ,CAAC,KAAK,CAAC,GAAG,CAAC,CAAC,CAAC,CAAC,CAAC;QAGrC,IAAI,YAAY,GAAG,OAAO,CAAC,IAAI,CAAC,UAAU,CAAC,KAAK,CAAC,CAAC,CAAC;QACnD,IAAI,KAAK,KAAK,MAAM,EAAE,CAAC;YACtB,YAAY,GAAG,OAAO,CAAC,OAAO,KAAK,SAAS,CAAC,CAAC,CAAC,IAAI,CAAC,aAAa,CAAC,CAAC,CAAC,QAAQ,CAAC,YAAY,EAAE,EAAE,CAAC,CAAC;QAChG,CAAC;QAED,OAAO,EAAE,CAAC,YAAY,EAAE,WAAW,CAAC,CAAC;IACtC,CAAC;IAEO,WAAW,CAAC,OAAY,EAAE,UAAe;QAChD,MAAM,QAAQ,GAAG,MAAM,CAAC,IAAI,CAAC,UAAU,CAAC,CAAC,CAAC,CAAC,CAAC;QAC5C,MAAM,KAAK,GAAG,QAAQ,CAAC,KAAK,CAAC,GAAG,CAAC,CAAC,CAAC,CAAC,CAAC;QACrC,MAAM,WAAW,GAAG,UAAU,CAAC,QAAQ,CAAC,CAAC;QACzC,MAAM,YAAY,GAAG,MAAM,CAAC,OAAO,CAAC,IAAI,CAAC,UAAU,CAAC,KAAK,CAAC,CAAC,CAAC,CAAC;QAG7D,IAAI,SAAS,GAAG,WAAW,CAAC,OAAO,CAAC,mBAAmB,EAAE,MAAM,CAAC,CAAC;QAEjE,SAAS,GAAG,GAAG,GAAG,SAAS,CAAC,OAAO,CAAC,KAAK,EAAE,IAAI,CAAC,GAAG,GAAG,CAAC;QAEvD,MAAM,KAAK,GAAG,IAAI,MAAM,CAAC,SAAS,CAAC,CAAC;QACpC,OAAO,KAAK,CAAC,IAAI,CAAC,YAAY,CAAC,CAAC;IACjC,CAAC;IAEO,iBAAiB,CAAC,OAAY,EAAE,OAAiB;QACxD,MAAM,MAAM,GAAkB,EAAE,CAAC;QAEjC,KAAK,MAAM,SAAS,IAAI,OAAO,EAAE,CAAC;YAEjC,MAAM,KAAK,GAAG,SAAS,CAAC,KAAK,CAAC,GAAG,CAAC,CAAC,CAAC,CAAC,CAAC;YACtC,MAAM,OAAO,GAAG,IAAI,CAAC,UAAU,CAAC,KAAK,CAAC,CAAC;YAEvC,IAAI,KAAK,GAAG,OAAO,CAAC,OAAO,CAAC,CAAC;YAG7B,IAAI,KAAK,KAAK,MAAM,EAAE,CAAC;gBACtB,KAAK,GAAG,OAAO,CAAC,OAAO,KAAK,SAAS,CAAC,CAAC,CAAC,IAAI,CAAC,aAAa,CAAC,CAAC,CAAC,QAAQ,CAAC,KAAK,EAAE,EAAE,CAAC,CAAC;YAClF,CAAC;YAGD,IAAI,KAAK,KAAK,MAAM,EAAE,CAAC;gBACtB,KAAK,GAAG,MAAM,CAAC,KAAK,CAAC,CAAC;YACvB,CAAC;YAED,MAAM,CAAC,SAAS,CAAC,GAAG,KAAK,CAAC;QAC3B,CAAC;QAED,OAAO,MAAM,CAAC;IACf,CAAC;IAEO,YAAY,CAAC,KAAU;QAC9B,MAAM,IAAI,GAAG,MAAM,CAAC,IAAI,CAAC,KAAK,CAAC,CAAC;QAChC,IAAI,IAAI,CAAC,MAAM,KAAK,CAAC,IAAI,CAAC,IAAI,CAAC,QAAQ,CAAC,OAAO,CAAC,IAAI,CAAC,IAAI,CAAC,QAAQ,CAAC,SAAS,CAAC,EAAE,CAAC;YAC/E,OAAO,KAAK,CAAC;QACd,CAAC;QACD,IAAI,MAAM,CAAC,IAAI,CAAC,KAAK,CAAC,KAAK,CAAC,CAAC,MAAM,GAAG,CAAC,EAAE,CAAC;YACzC,IAAI,CAAC,IAAI,CAAC,aAAa,CAAC,KAAK,CAAC,KAAK,CAAC,EAAE,CAAC;gBACtC,OAAO,KAAK,CAAC;YACd,CAAC;QACF,CAAC;QACD,IAAI,CAAC,IAAI,CAAC,cAAc,CAAC,KAAK,CAAC,OAAO,CAAC,EAAE,CAAC;YACzC,OAAO,KAAK,CAAC;QACd,CAAC;QAED,OAAO,IAAI,CAAC;IACb,CAAC;IAEO,aAAa,CAAC,MAAW;QAChC,IAAI,OAAO,MAAM,KAAK,QAAQ,IAAI,MAAM,KAAK,IAAI,IAAI,KAAK,CAAC,OAAO,CAAC,MAAM,CAAC,EAAE,CAAC;YAC5E,OAAO,KAAK,CAAC;QACd,CAAC;QACD,MAAM,IAAI,GAAG,MAAM,CAAC,IAAI,CAAC,MAAM,CAAC,CAAC;QAEjC,IAAI,IAAI,CAAC,MAAM,KAAK,CAAC,EAAE,CAAC;YACvB,OAAO,KAAK,CAAC;QACd,CAAC;QAED,MAAM,GAAG,GAAG,IAAI,CAAC,CAAC,CAAC,CAAC;QAEpB,IAAI,GAAG,KAAK,KAAK,IAAI,GAAG,KAAK,IAAI,EAAE,CAAC;YACnC,OAAO,IAAI,CAAC,sBAAsB,CAAC,MAAM,CAAC,GAAG,CAAC,CAAC,CAAC;QACjD,CAAC;aAAM,IAAI,GAAG,KAAK,IAAI,IAAI,GAAG,KAAK,IAAI,IAAI,GAAG,KAAK,IAAI,EAAE,CAAC;YACzD,OAAO,IAAI,CAAC,kBAAkB,CAAC,MAAM,CAAC,GAAG,CAAC,CAAC,CAAC;QAC7C,CAAC;aAAM,IAAI,GAAG,KAAK,IAAI,EAAE,CAAC;YACzB,OAAO,IAAI,CAAC,kBAAkB,CAAC,MAAM,CAAC,GAAG,CAAC,CAAC,CAAC;QAC7C,CAAC;aAAM,IAAI,GAAG,KAAK,KAAK,EAAE,CAAC;YAC1B,OAAO,IAAI,CAAC,eAAe,CAAC,MAAM,CAAC,GAAG,CAAC,CAAC,CAAC;QAC1C,CAAC;QAED,OAAO,KAAK,CAAC;IACd,CAAC;IAEO,cAAc,CAAC,OAAY;QAElC,IAAI,OAAO,OAAO,KAAK,QAAQ,IAAI,OAAO,KAAK,IAAI,IAAI,KAAK,CAAC,OAAO,CAAC,OAAO,CAAC,EAAE,CAAC;YAC/E,OAAO,KAAK,CAAC;QACd,CAAC;QAGD,IAAI,CAAC,MAAM,CAAC,IAAI,CAAC,OAAO,CAAC,CAAC,QAAQ,CAAC,SAAS,CAAC,IAAI,CAAC,KAAK,CAAC,OAAO,CAAC,OAAO,CAAC,OAAO,CAAC,IAAI,OAAO,CAAC,OAAO,CAAC,MAAM,KAAK,CAAC,EAAE,CAAC;YAClH,OAAO,KAAK,CAAC;QACd,CAAC;QAGD,KAAK,MAAM,SAAS,IAAI,OAAO,CAAC,OAAO,EAAE,CAAC;YACzC,IAAI,CAAC,IAAI,CAAC,WAAW,CAAC,SAAS,CAAC,EAAE,CAAC;gBAClC,OAAO,KAAK,CAAC;YACd,CAAC;QACF,CAAC;QAGD,IAAI,MAAM,CAAC,IAAI,CAAC,OAAO,CAAC,CAAC,QAAQ,CAAC,OAAO,CAAC,EAAE,CAAC;YAC5C,MAAM,QAAQ,GAAG,OAAO,CAAC,KAAK,CAAC;YAE/B,IAAI,OAAO,QAAQ,KAAK,QAAQ,IAAI,CAAC,OAAO,CAAC,OAAO,CAAC,QAAQ,CAAC,QAAQ,CAAC,EAAE,CAAC;gBACzE,OAAO,KAAK,CAAC;YACd,CAAC;QACF,CAAC;QAGD,MAAM,gBAAgB,GAAG,CAAC,SAAS,EAAE,OAAO,CAAC,CAAC;QAC9C,IAAI,MAAM,CAAC,IAAI,CAAC,OAAO,CAAC,CAAC,IAAI,CAAC,CAAC,CAAC,EAAE,EAAE,CAAC,CAAC,gBAAgB,CAAC,QAAQ,CAAC,CAAC,CAAC,CAAC,EAAE,CAAC;YACrE,OAAO,KAAK,CAAC;QACd,CAAC;QAED,OAAO,IAAI,CAAC;IACb,CAAC;IAEM,KAAK,CAAC,YAAY,CAAC,KAAc;QAEvC,IAAI,CAAC,cAAc,GAAG,EAAE,CAAC;QACzB,MAAM,IAAI,CAAC,kBAAkB,EAAE,CAAC;QAChC,IAAI,OAAO,KAAK,KAAK,QAAQ,IAAI,KAAK,KAAK,IAAI,IAAI,KAAK,CAAC,OAAO,CAAC,KAAK,CAAC,EAAE,CAAC;YACzE,OAAO,OAAO,CAAC,MAAM,CAAC,IAAI,6BAAY,CAAC,iCAAiC,CAAC,CAAC,CAAC;QAC5E,CAAC;QAED,IAAI,CAAC,IAAI,CAAC,YAAY,CAAC,KAAK,CAAC,EAAE,CAAC;YAC/B,OAAO,OAAO,CAAC,MAAM,CAAC,IAAI,6BAAY,CAAC,eAAe,CAAC,CAAC,CAAC;QAC1D,CAAC;QAGD,MAAM,QAAQ,GAAG,KAAY,CAAC;QAE9B,MAAM,IAAI,GAAG,MAAM,IAAI,CAAC,mBAAmB,CAAC,IAAI,CAAC,cAAc,CAAC,CAAC;QAEjE,MAAM,eAAe,GAAG,IAAI,CAAC,MAAM,CAAC,CAAC,OAAO,EAAE,EAAE;YAC/C,IAAI,MAAM,CAAC,IAAI,CAAC,QAAQ,CAAC,KAAK,CAAC,CAAC,MAAM,KAAK,CAAC,EAAE,CAAC;gBAC9C,OAAO,IAAI,CAAC;YACb,CAAC;YACD,OAAO,IAAI,CAAC,cAAc,CAAC,OAAO,EAAE,QAAQ,CAAC,KAAK,CAAC,CAAC;QACrD,CAAC,CAAC,CAAC;QAEH,IAAI,eAAe,CAAC,MAAM,GAAG,IAAI,CAAC,WAAW,EAAE,CAAC;YAC/C,MAAM,IAAI,oCAAmB,CAAC,2BAA2B,CAAC,CAAC;QAC5D,CAAC;QAED,MAAM,OAAO,GAAoB,eAAe,CAAC,GAAG,CAAC,CAAC,OAAO,EAAE,EAAE;YAChE,OAAO,IAAI,CAAC,iBAAiB,CAAC,OAAO,EAAE,QAAQ,CAAC,OAAO,CAAC,OAAO,CAAC,CAAC;QAClE,CAAC,CAAC,CAAC;QAEH,IAAI,QAAQ,CAAC,OAAO,CAAC,KAAK,EAAE,CAAC;YAC5B,MAAM,QAAQ,GAAG,QAAQ,CAAC,OAAO,CAAC,KAAK,CAAC;YACxC,OAAO,CAAC,IAAI,CAAC,CAAC,CAAC,EAAE,CAAC,EAAE,EAAE;gBACrB,IAAI,CAAC,CAAC,QAAQ,CAAC,GAAG,CAAC,CAAC,QAAQ,CAAC;oBAAE,OAAO,CAAC,CAAC;gBACxC,IAAI,CAAC,CAAC,QAAQ,CAAC,GAAG,CAAC,CAAC,QAAQ,CAAC;oBAAE,OAAO,CAAC,CAAC,CAAC;gBACzC,OAAO,CAAC,CAAC;YACV,CAAC,CAAC,CAAC;QACJ,CAAC;QAED,OAAO,OAAO,CAAC;IAChB,CAAC;IAEO,KAAK,CAAC,mBAAmB,CAAC,EAAU;QAC3C,IAAI,CAAC;YACJ,MAAM,IAAI,GAAG,UAAU,EAAE,OAAO,CAAC;YAEjC,OAAO,MAAM,EAAE,CAAC,QAAQ,CAAC,IAAI,CAAC,CAAC;QAChC,CAAC;QAAC,OAAO,IAAI,EAAE,CAAC;YAEf,MAAM,IAAI,6BAAY,CAAC,0BAA0B,EAAE,YAAY,CAAC,CAAC;QAClE,CAAC;IACF,CAAC;IAEM,KAAK,CAAC,YAAY;QAExB,MAAM,IAAI,CAAC,kBAAkB,EAAE,CAAC;QAChC,OAAO,KAAK,CAAC,IAAI,CAAC,IAAI,CAAC,QAAQ,CAAC,MAAM,EAAE,CAAC,CAAC;IAC3C,CAAC;IAEO,KAAK,CAAC,aAAa,CAAC,GAAU;QACrC,MAAM,WAAW,GAAG,MAAM,CAAC,MAAM,CAAC,GAAG,CAAC,KAAK,CAAC,CAAC,MAAM,CAAC,CAAC,IAAI,EAAE,EAAE,CAAC,IAAI,CAAC,IAAI,CAAC,UAAU,CAAC,UAAU,CAAC,IAAI,CAAC,IAAI,CAAC,GAAG,CAAC,CAAC;QAE7G,IAAI,WAAW,CAAC,MAAM,KAAK,CAAC,EAAE,CAAC;YAC9B,MAAM,IAAI,6BAAY,CAAC,yC
[...]
K,SAAS;QACpB,GAAG,CAAC,MAAM,KAAK,SAAS;QACxB,GAAG,CAAC,KAAK,KAAK,SAAS;QACvB,GAAG,CAAC,SAAS,KAAK,SAAS;QAC3B,GAAG,CAAC,OAAO,KAAK,SAAS;QACzB,GAAG,CAAC,IAAI,KAAK,SAAS;QACtB,GAAG,CAAC,GAAG,KAAK,SAAS;QACrB,GAAG,CAAC,IAAI,KAAK,SAAS;QACtB,GAAG,CAAC,IAAI,KAAK,SAAS;QACtB,GAAG,CAAC,KAAK,KAAK,SAAS,CAAC;IAGzB,IAAI,CAAC,iBAAiB;QAAE,OAAO,IAAI,CAAC;IAEpC,OAAO;QACN,IAAI,EAAE,MAAM,CAAC,GAAG,CAAC,EAAE,CAAC;QACpB,EAAE,EAAE,MAAM,CAAC,GAAG,CAAC,MAAM,CAAC;QACtB,KAAK,EAAE,MAAM,CAAC,GAAG,CAAC,KAAK,CAAC;QACxB,UAAU,EAAE,MAAM,CAAC,GAAG,CAAC,SAAS,CAAC;QACjC,IAAI,EAAE,MAAM,CAAC,GAAG,CAAC,OAAO,CAAC;QACzB,IAAI,EAAE,IAAI;QACV,GAAG,EAAE,MAAM,CAAC,GAAG,CAAC,GAAG,CAAC;QACpB,IAAI,EAAE,MAAM,CAAC,GAAG,CAAC,IAAI,CAAC;QACtB,IAAI,EAAE,MAAM,CAAC,GAAG,CAAC,IAAI,CAAC;QACtB,KAAK,EAAE,MAAM,CAAC,GAAG,CAAC,KAAK,CAAC;KACxB,CAAC;AACH,CAAC;AAGD,SAAS,cAAc,CAAC,IAAY;IACnC,MAAM,SAAS,GAAU,EAAE,CAAC;IAE5B,OAAO,SAAS,CAAC;AAClB,CAAC","sourcesContent":["import {\n\tIInsightFacade,\n\tInsightDataset,\n\tInsightDatasetKind,\n\tInsightResult,\n\tInsightError,\n\tNotFoundError,\n\tResultTooLargeError,\n} from \"./IInsightFacade\";\nimport JSZip from \"jszip\";\nimport * as fs from \"fs-extra\";\n/**\n * This is the main programmatic entry point for the project.\n * Method documentation is in IInsightFacade\n *\n */\nexport default class InsightFacade implements IInsightFacade {\n\tprivate datasets: Map<string, InsightDataset>;\n\tprivate currentQueryId: string;\n\t// TESTING IF GIT DIDN'T BREAK\n\tconstructor() {\n\t\tthis.datasets = new Map<string, InsightDataset>();\n\t\tthis.currentQueryId = \"\";\n\t}\n\n\tprivate async initializeDatasets(): Promise<void> {\n\t\tif (this.datasets.size > 0) {\n\t\t\treturn;\n\t\t}\n\n\t\tif (await fs.pathExists(\"./data\")) {\n\t\t\tconst files = await fs.readdir(\"./data\");\n\t\t\tconst jsonFiles = files.filter((file) => file.endsWith(\".json\"));\n\n\t\t\t// 1. Create the \"List of IOUs\"\n\t\t\tconst readPromises = jsonFiles.map(async (fileName) => {\n\t\t\t\treturn fs.readJson(`./data/${fileName}`).then((data) => {\n\t\t\t\t\treturn {\n\t\t\t\t\t\tid: fileName.replace(\".json\", \"\"),\n\t\t\t\t\t\tnumRows: data.length,\n\t\t\t\t\t};\n\t\t\t\t});\n\t\t\t});\n\t\t\t// 2. Wait for all files to be read in parallel\n\t\t\ttry {\n\t\t\t\tconst results = await Promise.all(readPromises);\n\n\t\t\t\t// 3. Update the internal Map with the results\n\t\t\t\tfor (const res of results) {\n\t\t\t\t\tthis.datasets.set(res.id, {\n\t\t\t\t\t\tid: res.id,\n\t\t\t\t\t\tkind: InsightDatasetKind.Sections,\n\t\t\t\t\t\tnumRows: res.numRows,\n\t\t\t\t\t});\n\t\t\t\t}\n\t\t\t} catch (_err) {\n\t\t\t\t// If one file fails or is corrupted, Promise.all might reject.\n\t\t\t\t// You can handle individual failures inside the .map if needed.\n\t\t\t}\n\n\t\t\t// for (const fileName of files) {\n\t\t\t// \t// fileName is \"ubc.json\"\n\t\t\t// \tif (fileName.endsWith(\".json\")) {\n\t\t\t// \t\tconst id = fileName.replace(\".json\", \"\");\n\t\t\t// \t\ttry {\n\t\t\t// \t\t\tconst data = await fs.readJson(`./data/${fileName}`);\n\t\t\t// \t\t\tthis.datasets.set(id, {\n\t\t\t// \t\t\t\tid: id,\n\t\t\t// \t\t\t\tkind: InsightDatasetKind.Sections,\n\t\t\t// \t\t\t\tnumRows: data.length,\n\t\t\t// \t\t\t});\n\t\t\t// \t\t} catch (_err) {\n\t\t\t// \t\t\t// If a file is corrupted, we just skip it\n\t\t\t// \t\t\tcontinue;\n\t\t\t// \t\t}\n\t\t\t// \t}\n\t\t\t// }\n\t\t}\n\t}\n\n\tpublic async addDataset(id: string, content: string, kind: InsightDatasetKind): Promise<string[]> {\n\t\t// validate id and content\n\t\tawait this.initializeDatasets();\n\t\tif (id === \"\" || id.includes(\"_\") || id.trim().length === 0) {\n\t\t\treturn Promise.reject(new InsightError(\"Invalid id\"));\n\t\t}\n\t\tif (this.datasets.has(id)) {\n\t\t\treturn Promise.reject(new InsightError(\"ID already exists\"));\n\t\t}\n\t\tif (content === null || content === undefined) {\n\t\t\tthrow new InsightError(\"No content provided\");\n\t\t}\n\n\t\t// get course files\n\t\tconst zip = await JSZip.loadAsync(content, { base64: true });\n\t\tlet rows: any[];\n\n\t\tif (kind === InsightDatasetKind.Sections) {\n\t\t\trows = await this.parseSections(zip);\n\t\t} else if (kind === InsightDatasetKind.Rooms) {\n\t\t\trows = await this.parseRooms(zip);\n\t\t} else {\n\t\t\tthrow new InsightError(\"Error: Invalid dataset kind\");\n\t\t}\n\n\t\t// no valid found in dataset\n\t\tif (rows.length === 0) {\n\t\t\tthrow new InsightError(\"Error: No valid rows found in dataset\");\n\t\t}\n\n\t\tawait fs.ensureDir(\"./data\");\n\t\tawait fs.writeJson(`./data/${id}.json`, rows);\n\n\t\t// const newDataset: InsightDataset = {\n\t\t// \tid: id,\n\t\t// \tkind: kind,\n\t\t// \tnumRows: sections.length,\n\t\t// };\n\t\tthis.datasets.set(id, { id: id, kind: kind, numRows: rows.length });\n\n\t\treturn Array.from(this.datasets.keys());\n\t}\n\n\tpublic async removeDataset(id: string): Promise<string> {\n\t\t// TODO: Remove this once you implement the methods!\n\t\tawait this.initializeDatasets();\n\t\tif (id === \"\" || id.includes(\"_\") || id.trim().length === 0) {\n\t\t\treturn Promise.reject(new InsightError(\"Invalid id\"));\n\t\t}\n\t\tif (!this.datasets.has(id)) {\n\t\t\treturn Promise.reject(new NotFoundError(\"id not found\"));\n\t\t}\n\n\t\tthis.datasets.delete(id);\n\n\t\ttry {\n\t\t\tawait fs.remove(`./data/${id}.json`);\n\t\t} catch (_err) {\n\t\t\treturn Promise.reject(new InsightError(\"Failed to delete data\"));\n\t\t}\n\t\treturn Promise.resolve(id);\n\t}\n\n\t// private async retrieveDataset(id: string): Promise<any[]> {\n\t// const sections = await fs.readJson(`./data/${id}.json`);\n\t// \treturn sections;\n\t// }\n\n\tprivate overallNumber = 1900;\n\tprivate resultLimit = 5000;\n\n\t// Mapping for internal data keys\n\tprivate fieldToKey: { [key: string]: string } = {\n\t\tavg: \"Avg\",\n\t\tpass: \"Pass\",\n\t\tfail: \"Fail\",\n\t\taudit: \"Audit\",\n\t\tyear: \"Year\",\n\t\tdept: \"Subject\",\n\t\tid: \"Course\",\n\t\tinstructor: \"Professor\",\n\t\ttitle: \"Title\",\n\t\tuuid: \"id\",\n\t};\n\n\tprivate validateKey(key: any, type?: \"mfield\" | \"sfield\"): boolean {\n\t\t// 1. Must be a string\n\t\tif (typeof key !== \"string\") return false;\n\n\t\t// 2. Must have exactly one underscore\n\t\tconst parts = key.split(\"_\");\n\t\tif (parts.length !== 2) return false;\n\n\t\tconst id = parts[0];\n\t\tconst field = parts[1];\n\n\t\t// 3. ID Consistency: Use a helper property to track the ID of this query\n\t\t// In performQuery, you should reset this.currentQueryId = \"\";\n\t\tif (this.currentQueryId === \"\") {\n\t\t\tthis.currentQueryId = id;\n\t\t} else if (this.currentQueryId !== id) {\n\t\t\treturn false; // Multiple datasets referenced!\n\t\t}\n\n\t\t// 4. Dataset Existence: Check if you actually have this data\n\t\tif (!this.datasets.has(id)) return false;\n\t\t// 5. Field Check: Match against the EBNF lists\n\t\tconst mfields = [\"avg\", \"pass\", \"fail\", \"audit\", \"year\"];\n\t\tconst sfields = [\"dept\", \"id\", \"instructor\", \"title\", \"uuid\"];\n\n\t\tif (type === \"mfield\") return mfields.includes(field);\n\t\tif (type === \"sfield\") return sfields.includes(field);\n\n\t\t// If no specific type is required (like in COLUMNS), check both\n\t\treturn mfields.includes(field) || sfields.includes(field);\n\t}\n\n\tprivate isLogicComparisonValid(filterList: any): boolean {\n\t\t// 1. Logic comparisons MUST be arrays\n\t\tif (!Array.isArray(filterList)) {\n\t\t\treturn false;\n\t\t}\n\n\t\t// 2. The FILTER_LIST must have at least one FILTER\n\t\tif (filterList.length === 0) {\n\t\t\treturn false;\n\t\t}\n\n\t\t// 3. Every item in the array must itself be a valid FILTER\n\t\t// This is where the RECURSION happens!\n\t\tfor (const filter of filterList) {\n\t\t\tif (!this.isFilterValid(filter)) {\n\t\t\t\treturn false;\n\t\t\t}\n\t\t}\n\n\t\treturn true;\n\t}\n\n\tprivate isMComparisonValid(mcomp: any): boolean {\n\t\tif (typeof mcomp !== \"object\" || mcomp === null) {\n\t\t\treturn false;\n\t\t}\n\n\t\tconst keys = Object.keys(mcomp);\n\t\tif (keys.length !== 1) {\n\t\t\treturn false;\n\t\t}\n\n\t\tconst mkey = keys[0]; // e.g., \"sections_avg\"\n\t\tconst val = mcomp[mkey];\n\n\t\t// Check 1: Is the value a number?\n\t\tif (typeof val !== \"number\") {\n\t\t\treturn false;\n\t\t}\n\n\t\t// Check 2: Is the key format valid (id_field)?\n\t\t// Check 3: Is the field a valid mfield (avg, pass, etc.)?\n\t\treturn this.validateKey(mkey, \"mfield\");\n\t}\n\n\tprivate isSComparisonValid(scomp: any): boolean {\n\t\tif (typeof scomp !== \"object\" || scomp === null) return false;\n\t\tconst keys = Object.keys(scomp);\n\t\tif (keys.length !== 1) return false;\n\n\t\tconst skey = keys[0];\n\t\tconst val = scomp[skey];\n\n\t\t// IS requires a string value (and can include wildcards *)\n\t\tif (typeof val !== \"string\") return false;\n\n\t\treturn this.validateKey(skey, \"sfield\");\n\t}\n\n\tprivate isNegationValid(notVal: any): boolean {\n\t\tif (typeof notVal !== \"object\" || notVal === null || Array.isArray(notVal)) {\n\t\t\treturn false;\n\t\t}\n\n\t\tconst keys = Object.keys(notVal);\n\t\tif (keys.length !== 1) {\n\t\t\treturn false;\n\t\t}\n\n\t\treturn this.isFilterValid(notVal);\n\t}\n\n\tprivate isSectionValid(section: any, filter: any): boolean {\n\t\tconst key = Object.keys(filter)[0];\n\t\tconst content = filter[key];\n\n\t\tswitch (key) {\n\t\t\tcase \"AND\":\n\t\t\t\t// Every filter in the list must be true\n\t\t\t\treturn content.every((subFilter: any) => this.isSectionValid(section, subFilter));\n\t\t\tcase \"OR\":\n\t\t\t\t// At least one filter in the list must be true\n\t\t\t\treturn content.some((subFilter: any) => this.isSectionValid(section, subFilter));\n\t\t\tcase \"NOT\":\n\t\t\t\t// Invert the result of the sub-filter\n\t\t\t\treturn !this.isSectionValid(section, content);\n\t\t\tcase \"GT\":\n\t\t\t\treturn this.handleMComp(section, content, (a, b) => a > b);\n\t\t\tcase \"LT\":\n\t\t\t\treturn this.handleMComp(section, content, (a, b) => a < b);\n\t\t\tcase \"EQ\":\n\t\t\t\treturn this.handleMComp(section, content, (a, b) => a === b);\n\t\t\tcase \"IS\":\n\t\t\t\treturn this.handleSComp(section, content);\n\t\t\tdefault:\n\t\t\t\t// If WHERE is empty, the EBNF usually implies everything matches\n\t\t\t\treturn true;\n\t\t}\n\t}\n\n\tprivate handleMComp(section: any, comparison: any, op: (a: number, b: number) => boolean): boolean {\n\t\tconst queryKey = Object.keys(comparison)[0]; // e.g., \"sections_avg\"\n\t\tconst targetValue = comparison[queryKey]; // e.g., 90\n\t\tconst field = queryKey.split(\"_\")[1]; // e.g., \"avg\"\n\n\t\t// Convert section \"Year\" to number if needed (some datasets use strings for years)\n\t\tlet sectionValue = section[this.fieldToKey[field]];\n\t\tif (field === \"year\") {\n\t\t\tsectionValue = section.Section === \"overall\" ? this.overallNumber : parseInt(sectionValue, 10);\n\t\t}\n\n\t\treturn op(sectionValue, targetValue);\n\t}\n\n\tprivate handleSComp(section: any, comparison: any): boolean {\n\t\tconst queryKey = Object.keys(comparison)[0];\n\t\tconst field = queryKey.split(\"_\")[1];\n\t\tconst inputString = comparison[queryKey];\n\t\tconst sectionValue = String(section[this.fieldToKey[field]]);\n\n\t\t// Escape regex special characters except our asterisk\n\t\tlet regString = inputString.replace(/[.+^${}()|[\\]\\\\]/g, \"\\\\$&\");\n\t\t// Replace '*' with '.*' (the regex equivalent)\n\t\tregString = \"^\" + regString.replace(/\\*/g, \".*\") + \"$\";\n\n\t\tconst regex = new RegExp(regString);\n\t\treturn regex.test(sectionValue);\n\t}\n\n\tprivate transformToResult(section: any, columns: string[]): InsightResult {\n\t\tconst result: InsightResult = {};\n\n\t\tfor (const columnKey of columns) {\n\t\t\t// columnKey is like \"sections_avg\"\n\t\t\tconst field = columnKey.split(\"_\")[1]; // \"avg\"\n\t\t\tconst dataKey = this.fieldToKey[field]; // \"Avg\"\n\n\t\t\tlet value = section[dataKey];\n\n\t\t\t// Apply the \"overall\" year logic if necessary\n\t\t\tif (field === \"year\") {\n\t\t\t\tvalue = section.Section === \"overall\" ? this.overallNumber : parseInt(value, 10);\n\t\t\t}\n\n\t\t\t// Ensure UUIDs are strings and other types match InsightResult\n\t\t\tif (field === \"uuid\") {\n\t\t\t\tvalue = String(value);\n\t\t\t}\n\n\t\t\tresult[columnKey] = value;\n\t\t}\n\n\t\treturn result;\n\t}\n\n\tprivate isQueryValid(query: any): boolean {\n\t\tconst keys = Object.keys(query);\n\t\tif (keys.length !== 2 || !keys.includes(\"WHERE\") || !keys.includes(\"OPTIONS\")) {\n\t\t\treturn false;\n\t\t}\n\t\tif (Object.keys(query.WHERE).length > 0) {\n\t\t\tif (!this.isFilterValid(query.WHERE)) {\n\t\t\t\treturn false;\n\t\t\t}\n\t\t}\n\t\tif (!this.isOptionsValid(query.OPTIONS)) {\n\t\t\treturn false;\n\t\t}\n\n\t\treturn true;\n\t}\n\n\tprivate isFilterValid(filter: any): boolean {\n\t\tif (typeof filter !== \"object\" || filter === null || Array.isArray(filter)) {\n\t\t\treturn false;\n\t\t}\n\t\tconst keys = Object.keys(filter);\n\n\t\tif (keys.length !== 1) {\n\t\t\treturn false;\n\t\t}\n\n\t\tconst key = keys[0];\n\n\t\tif (key === \"AND\" || key === \"OR\") {\n\t\t\treturn this.isLogicComparisonValid(filter[key]);\n\t\t} else if (key === \"GT\" || key === \"LT\" || key === \"EQ\") {\n\t\t\treturn this.isMComparisonValid(filter[key]);\n\t\t} else if (key === \"IS\") {\n\t\t\treturn this.isSComparisonValid(filter[key]);\n\t\t} else if (key === \"NOT\") {\n\t\t\treturn this.isNegationValid(filter[key]);\n\t\t}\n\n\t\treturn false;\n\t}\n\n\tprivate isOptionsValid(options: any): boolean {\n\t\t// 1. Basic check: is it an object?\n\t\tif (typeof options !== \"object\" || options === null || Array.isArray(options)) {\n\t\t\treturn false;\n\t\t}\n\n\t\t// 2. Validate COLUMNS (Mandatory)\n\t\tif (!Object.keys(options).includes(\"COLUMNS\") || !Array.isArray(options.COLUMNS) || options.COLUMNS.length === 0) {\n\t\t\treturn false;\n\t\t}\n\n\t\t// 3. Check every key in COLUMNS\n\t\tfor (const columnKey of options.COLUMNS) {\n\t\t\tif (!this.validateKey(columnKey)) {\n\t\t\t\treturn false;\n\t\t\t}\n\t\t}\n\n\t\t// 4. Validate ORDER (Optional)\n\t\tif (Object.keys(options).includes(\"ORDER\")) {\n\t\t\tconst orderKey = options.ORDER;\n\t\t\t// ORDER must be a string and it MUST be one of the keys in COLUMNS\n\t\t\tif (typeof orderKey !== \"string\" || !options.COLUMNS.includes(orderKey)) {\n\t\t\t\treturn false;\n\t\t\t}\n\t\t}\n\n\t\t// 5. Ensure no extra keys are in OPTIONS (like 'WHERE' inside 'OPTIONS')\n\t\tconst validOptionsKeys = [\"COLUMNS\", \"ORDER\"];\n\t\tif (Object.keys(options).some((k) => !validOptionsKeys.includes(k))) {\n\t\t\treturn false;\n\t\t}\n\n\t\treturn true;\n\t}\n\n\tpublic async performQuery(query: unknown): Promise<InsightResult[]> {\n\t\t// TODO: Remove this once you implement the methods!\n\t\tthis.currentQueryId = \"\";\n\t\tawait this.initializeDatasets();\n\t\tif (typeof query !== \"object\" || query === null || Array.isArray(query)) {\n\t\t\treturn Promise.reject(new InsightError(\"Query must be a non-null object\"));\n\t\t}\n\n\t\tif (!this.isQueryValid(query)) {\n\t\t\treturn Promise.reject(new InsightError(\"Invalid Query\"));\n\t\t}\n\t\t// const data = await this.retrieveDataset(id);\n\n\t\tconst queryObj = query as any;\n\n\t\tconst data = await this.loadDatasetFromDisk(this.currentQueryId);\n\n\t\tconst filteredResults = data.filter((section) => {\n\t\t\tif (Object.keys(queryObj.WHERE).length === 0) {\n\t\t\t\treturn true;\n\t\t\t}\n\t\t\treturn this.isSectionValid(section, queryObj.WHERE);\n\t\t});\n\n\t\tif (filteredResults.length > this.resultLimit) {\n\t\t\tthrow new ResultTooLargeError(\"Result too large (> 5000)\");\n\t\t}\n\n\t\tconst results: InsightResult[] = filteredResults.map((section) => {\n\t\t\treturn this.transformToResult(section, queryObj.OPTIONS.COLUMNS);\n\t\t});\n\n\t\tif (queryObj.OPTIONS.ORDER) {\n\t\t\tconst orderKey = queryObj.OPTIONS.ORDER;\n\t\t\tresults.sort((a, b) => {\n\t\t\t\tif (a[orderKey] > b[orderKey]) return 1;\n\t\t\t\tif (a[orderKey] < b[orderKey]) return -1;\n\t\t\t\treturn 0;\n\t\t\t});\n\t\t}\n\n\t\treturn results;\n\t}\n\n\tprivate async loadDatasetFromDisk(id: string): Promise<any[]> {\n\t\ttry {\n\t\t\tconst path = `./data/${id}.json`;\n\t\t\t// fs.readJson automatically parses the JSON string into a JS object/array\n\t\t\treturn await fs.readJson(path);\n\t\t} catch (_err) {\n\t\t\t// This handles cases where the file might be missing or corrupted\n\t\t\tthrow new InsightError(`Could not read dataset ${id} from disk`);\n\t\t}\n\t}\n\n\tpublic async listDatasets(): Promise<InsightDataset[]> {\n\t\t// TODO: Remove this once you implement the methods!\n\t\tawait this.initializeDatasets();\n\t\treturn Array.from(this.datasets.values());\n\t}\n\n\tprivate async parseSections(zip: JSZip): Promise<any[]> {\n\t\tconst courseFiles = Object.values(zip.files).filter((file) => file.name.startsWith(\"courses/\") && !file.dir);\n\n\t\tif (courseFiles.length === 0) {\n\t\t\tthrow new InsightError(\"Error: No course files found in dataset\");\n\t\t}\n\n\t\tconst sections: any[] = [];\n\n\t\t// parse each course file and extract sections\n\t\tawait Promise.all(\n\t\t\t// parse each course\n\t\t\tcourseFiles.map(async (file) => {\n\t\t\t\tlet course: any;\n\t\t\t\ttry {\n\t\t\t\t\tconst text = await file.async(\"text\");\n\t\t\t\t\tcourse = JSON.parse(text);\n\t\t\t\t} catch {\n\t\t\t\t\t// skip corrupt files\n\t\t\t\t\treturn;\n\t\t\t\t}\n\n\t\t\t\tif (course === null || course === undefined) return;\n\t\t\t\tconst results = course.result;\n\t\t\t\tif (!Array.isArray(results)) return;\n\n\t\t\t\t// get sections of a course\n\t\t\t\tfor (const row of results) {\n\t\t\t\t\tconst section = parseSection(row);\n\t\t\t\t\tif (section !== null) {\n\t\t\t\t\t\tsections.push(section);\n\t\t\t\t\t}\n\t\t\t\t}\n\t\t\t})\n\t\t);\n\n\t\treturn sections;\n\t}\n\n\tprivate async parseRooms(zip: JSZip): Promise<any[]> {\n\t\tconst rooms: any[] = [];\n\n\t\t// get index.htm file\n\t\tconst indexFile = zip.file(\"index.htm\");\n\t\tif (!indexFile) {\n\t\t\tthrow new InsightError(\"Error: No index.htm file found in dataset\");\n\t\t}\n\n\t\t// get buildings\n\t\tconst indexHtml = await indexFile.async(\"text\");\n\t\tconst buildings = parseBuildings(indexHtml);\n\n\t\t// no building files found\n\t\tif (buildings.length === 0) return rooms;\n\n\t\tawait Promise.all(\n\t\t\tbuildings.map(async (building) => {\n\t\t\t\tconst filePath = building.link.replace(\"./\", \"\");\n\t\t\t\tconst buildingFile = zip.file(filePath);\n\t\t\t\tif (!buildingFile) return;\n\n\t\t\t\tconst buildingHtml = await buildingFile.async(\"text\");\n\t\t\t})\n\t\t);\n\n\t\treturn rooms;\n\t}\n}\n\n// helper to parse (and validate fields of) a section\nfunction parseSection(row: any): any | null {\n\t// special case when Section = overall\n\tlet year: number;\n\tif (row.Section === \"overall\") {\n\t\tyear = 1900;\n\t} else {\n\t\tyear = Number(row.Year);\n\t}\n\n\tconst hasRequiredFields =\n\t\trow.id !== undefined &&\n\t\trow.Course !== undefined &&\n\t\trow.Title !== undefined &&\n\t\trow.Professor !== undefined &&\n\t\trow.Subject !== undefined &&\n\t\trow.Year !== undefined &&\n\t\trow.Avg !== undefined &&\n\t\trow.Pass !== undefined &&\n\t\trow.Fail !== undefined &&\n\t\trow.Audit !== undefined;\n\n\t// missing one or more required fields\n\tif (!hasRequiredFields) return null;\n\n\treturn {\n\t\tuuid: String(row.id),\n\t\tid: String(row.Course),\n\t\ttitle: String(row.Title),\n\t\tinstructor: String(row.Professor),\n\t\tdept: String(row.Subject),\n\t\tyear: year,\n\t\tavg: Number(row.Avg),\n\t\tpass: Number(row.Pass),\n\t\tfail: Number(row.Fail),\n\t\taudit: Number(row.Audit),\n\t};\n}\n\n// helper to parse building files\nfunction parseBuildings(html: string): any[] {\n\tconst buildings: any[] = [];\n\n\treturn buildings;\n}\n"]},"_coverageSchema":"1a1c01bbd47fc00a2c39e90264f33305004495a9","hash":"3063cfc8a4a3d275f1cf28e515a8a95aad7764e6","contentHash":"058dc6822db1c0943c809153e28a46aa0f1371b0677b3fb37db713c6eb069655"}}